# JRE version: OpenJDK Runtime Environment (21.0.4) (build 21.0.4+-12508038-b607.1)
# Java VM: OpenJDK 64-Bit Server VM (21.0.4+-12508038-b607.1, mixed mode, tiered, compressed oops, compressed class ptrs, parallel gc, windows-amd64)
GC Precious Log:
 CardTable entry size: 512
 CPUs: 4 total, 4 available
 Memory: 3918M
 Large Page Support: Disabled
 NUMA Support: Disabled
 Compressed Oops: Enabled (Zero based)
 Alignments: Space 512K, Generation 512K, Heap 2M
 Heap Min Capacity: 8M
 Heap Initial Capacity: 62M
 Heap Max Capacity: 4G
 Pre-touch: Disabled
 Parallel Workers: 4
Heap:
 PSYoungGen      total 1122816K, used 147607K [0x00000007aab00000, 0x00000007ff480000, 0x0000000800000000)
  eden space 1072128K, 11% used [0x00000007aab00000,0x00000007b25804f0,0x00000007ec200000)
  from space 50688K, 43% used [0x00000007ec200000,0x00000007ed7a5890,0x00000007ef380000)
  to   space 49664K, 0% used [0x00000007fc400000,0x00000007fc400000,0x00000007ff480000)
 ParOldGen       total 682496K, used 561907K [0x0000000700000000, 0x0000000729a80000, 0x00000007aab00000)
  object space 682496K, 82% used [0x0000000700000000,0x00000007224bcd18,0x0000000729a80000)
 Metaspace       used 193671K, committed 196416K, reserved 1245184K
  class space    used 25233K, committed 26560K, reserved 1048576K
GC Heap History (20 events):
Event: 1341.502 GC heap before
{Heap before GC invocations=262 (full 7):
 PSYoungGen      total 673792K, used 146724K [0x00000007aab00000, 0x00000007d7400000, 0x0000000800000000)
  eden space 620544K, 18% used [0x00000007aab00000,0x00000007b1e02a58,0x00000007d0900000)
  from space 53248K, 54% used [0x00000007d4000000,0x00000007d5c46858,0x00000007d7400000)
  to   space 54784K, 0% used [0x00000007d0900000,0x00000007d0900000,0x00000007d3e80000)
 ParOldGen       total 664064K, used 663698K [0x0000000700000000, 0x0000000728880000, 0x00000007aab00000)
  object space 664064K, 99% used [0x0000000700000000,0x0000000728824a90,0x0000000728880000)
 Metaspace       used 186148K, committed 188864K, reserved 1245184K
  class space    used 24405K, committed 25728K, reserved 1048576K
}
Event: 1341.572 GC heap after
{Heap after GC invocations=262 (full 7):
 PSYoungGen      total 675328K, used 2976K [0x00000007aab00000, 0x00000007d7500000, 0x0000000800000000)
  eden space 620544K, 0% used [0x00000007aab00000,0x00000007aab00000,0x00000007d0900000)
  from space 54784K, 5% used [0x00000007d0900000,0x00000007d0be8000,0x00000007d3e80000)
  to   space 55296K, 0% used [0x00000007d3f00000,0x00000007d3f00000,0x00000007d7500000)
 ParOldGen       total 682496K, used 682220K [0x0000000700000000, 0x0000000729a80000, 0x00000007aab00000)
  object space 682496K, 99% used [0x0000000700000000,0x0000000729a3b388,0x0000000729a80000)
 Metaspace       used 186148K, committed 188864K, reserved 1245184K
  class space    used 24405K, committed 25728K, reserved 1048576K
}
Event: 1341.572 GC heap before
{Heap before GC invocations=263 (full 8):
 PSYoungGen      total 675328K, used 2976K [0x00000007aab00000, 0x00000007d7500000, 0x0000000800000000)
  eden space 620544K, 0% used [0x00000007aab00000,0x00000007aab00000,0x00000007d0900000)
  from space 54784K, 5% used [0x00000007d0900000,0x00000007d0be8000,0x00000007d3e80000)
  to   space 55296K, 0% used [0x00000007d3f00000,0x00000007d3f00000,0x00000007d7500000)
 ParOldGen       total 682496K, used 682220K [0x0000000700000000, 0x0000000729a80000, 0x00000007aab00000)
  object space 682496K, 99% used [0x0000000700000000,0x0000000729a3b388,0x0000000729a80000)
 Metaspace       used 186148K, committed 188864K, reserved 1245184K
  class space    used 24405K, committed 25728K, reserved 1048576K
}
Event: 1356.248 GC heap after
{Heap after GC invocations=263 (full 8):
 PSYoungGen      total 675328K, used 0K [0x00000007aab00000, 0x00000007d7500000, 0x0000000800000000)
  eden space 620544K, 0% used [0x00000007aab00000,0x00000007aab00000,0x00000007d0900000)
  from space 54784K, 0% used [0x00000007d0900000,0x00000007d0900000,0x00000007d3e80000)
  to   space 55296K, 0% used [0x00000007d3f00000,0x00000007d3f00000,0x00000007d7500000)
 ParOldGen       total 682496K, used 509463K [0x0000000700000000, 0x0000000729a80000, 0x00000007aab00000)
  object space 682496K, 74% used [0x0000000700000000,0x000000071f185c20,0x0000000729a80000)
 Metaspace       used 186141K, committed 188864K, reserved 1245184K
  class space    used 24403K, committed 25728K, reserved 1048576K
}
Event: 1369.057 GC heap before
{Heap before GC invocations=264 (full 8):
 PSYoungGen      total 675328K, used 620544K [0x00000007aab00000, 0x00000007d7500000, 0x0000000800000000)
  eden space 620544K, 100% used [0x00000007aab00000,0x00000007d0900000,0x00000007d0900000)
  from space 54784K, 0% used [0x00000007d0900000,0x00000007d0900000,0x00000007d3e80000)
  to   space 55296K, 0% used [0x00000007d3f00000,0x00000007d3f00000,0x00000007d7500000)
 ParOldGen       total 682496K, used 509463K [0x0000000700000000, 0x0000000729a80000, 0x00000007aab00000)
  object space 682496K, 74% used [0x0000000700000000,0x000000071f185c20,0x0000000729a80000)
 Metaspace       used 187372K, committed 190080K, reserved 1245184K
  class space    used 24596K, committed 25920K, reserved 1048576K
}
Event: 1369.925 GC heap after
{Heap after GC invocations=264 (full 8):
 PSYoungGen      total 675328K, used 32567K [0x00000007aab00000, 0x00000007def80000, 0x0000000800000000)
  eden space 620032K, 0% used [0x00000007aab00000,0x00000007aab00000,0x00000007d0880000)
  from space 55296K, 58% used [0x00000007d3f00000,0x00000007d5ecde28,0x00000007d7500000)
  to   space 55808K, 0% used [0x00000007d0880000,0x00000007d0880000,0x00000007d3f00000)
 ParOldGen       total 682496K, used 509471K [0x0000000700000000, 0x0000000729a80000, 0x00000007aab00000)
  object space 682496K, 74% used [0x0000000700000000,0x000000071f187c20,0x0000000729a80000)
 Metaspace       used 187372K, committed 190080K, reserved 1245184K
  class space    used 24596K, committed 25920K, reserved 1048576K
}
Event: 1371.518 GC heap before
{Heap before GC invocations=265 (full 8):
 PSYoungGen      total 675328K, used 652599K [0x00000007aab00000, 0x00000007def80000, 0x0000000800000000)
  eden space 620032K, 100% used [0x00000007aab00000,0x00000007d0880000,0x00000007d0880000)
  from space 55296K, 58% used [0x00000007d3f00000,0x00000007d5ecde28,0x00000007d7500000)
  to   space 55808K, 0% used [0x00000007d0880000,0x00000007d0880000,0x00000007d3f00000)
 ParOldGen       total 682496K, used 509471K [0x0000000700000000, 0x0000000729a80000, 0x00000007aab00000)
  object space 682496K, 74% used [0x0000000700000000,0x000000071f187c20,0x0000000729a80000)
 Metaspace       used 187416K, committed 190144K, reserved 1245184K
  class space    used 24596K, committed 25920K, reserved 1048576K
}
Event: 1371.653 GC heap after
{Heap after GC invocations=265 (full 8):
 PSYoungGen      total 675840K, used 3825K [0x00000007aab00000, 0x00000007df000000, 0x0000000800000000)
  eden space 620032K, 0% used [0x00000007aab00000,0x00000007aab00000,0x00000007d0880000)
  from space 55808K, 6% used [0x00000007d0880000,0x00000007d0c3c4c8,0x00000007d3f00000)
  to   space 56320K, 0% used [0x00000007db900000,0x00000007db900000,0x00000007df000000)
 ParOldGen       total 682496K, used 543731K [0x0000000700000000, 0x0000000729a80000, 0x00000007aab00000)
  object space 682496K, 79% used [0x0000000700000000,0x00000007212fcfb8,0x0000000729a80000)
 Metaspace       used 187416K, committed 190144K, reserved 1245184K
  class space    used 24596K, committed 25920K, reserved 1048576K
}
Event: 1372.928 GC heap before
{Heap before GC invocations=266 (full 8):
 PSYoungGen      total 675840K, used 623857K [0x00000007aab00000, 0x00000007df000000, 0x0000000800000000)
  eden space 620032K, 100% used [0x00000007aab00000,0x00000007d0880000,0x00000007d0880000)
  from space 55808K, 6% used [0x00000007d0880000,0x00000007d0c3c4c8,0x00000007d3f00000)
  to   space 56320K, 0% used [0x00000007db900000,0x00000007db900000,0x00000007df000000)
 ParOldGen       total 682496K, used 543731K [0x0000000700000000, 0x0000000729a80000, 0x00000007aab00000)
  object space 682496K, 79% used [0x0000000700000000,0x00000007212fcfb8,0x0000000729a80000)
 Metaspace       used 187425K, committed 190144K, reserved 1245184K
  class space    used 24596K, committed 25920K, reserved 1048576K
}
Event: 1372.964 GC heap after
{Heap after GC invocations=266 (full 8):
 PSYoungGen      total 799744K, used 3008K [0x00000007aab00000, 0x00000007def00000, 0x0000000800000000)
  eden space 744448K, 0% used [0x00000007aab00000,0x00000007aab00000,0x00000007d8200000)
  from space 55296K, 5% used [0x00000007db900000,0x00000007dbbf0000,0x00000007def00000)
  to   space 55808K, 0% used [0x00000007d8200000,0x00000007d8200000,0x00000007db880000)
 ParOldGen       total 682496K, used 547244K [0x0000000700000000, 0x0000000729a80000, 0x00000007aab00000)
  object space 682496K, 80% used [0x0000000700000000,0x000000072166b148,0x0000000729a80000)
 Metaspace       used 187425K, committed 190144K, reserved 1245184K
  class space    used 24596K, committed 25920K, reserved 1048576K
}
Event: 1374.256 GC heap before
{Heap before GC invocations=267 (full 8):
 PSYoungGen      total 799744K, used 747456K [0x00000007aab00000, 0x00000007def00000, 0x0000000800000000)
  eden space 744448K, 100% used [0x00000007aab00000,0x00000007d8200000,0x00000007d8200000)
  from space 55296K, 5% used [0x00000007db900000,0x00000007dbbf0000,0x00000007def00000)
  to   space 55808K, 0% used [0x00000007d8200000,0x00000007d8200000,0x00000007db880000)
 ParOldGen       total 682496K, used 547244K [0x0000000700000000, 0x0000000729a80000, 0x00000007aab00000)
  object space 682496K, 80% used [0x0000000700000000,0x000000072166b148,0x0000000729a80000)
 Metaspace       used 187429K, committed 190144K, reserved 1245184K
  class space    used 24596K, committed 25920K, reserved 1048576K
}
Event: 1374.294 GC heap after
{Heap after GC invocations=267 (full 8):
 PSYoungGen      total 800256K, used 3499K [0x00000007aab00000, 0x00000007e7f80000, 0x0000000800000000)
  eden space 744448K, 0% used [0x00000007aab00000,0x00000007aab00000,0x00000007d8200000)
  from space 55808K, 6% used [0x00000007d8200000,0x00000007d856ad60,0x00000007db880000)
  to   space 55296K, 0% used [0x00000007e4980000,0x00000007e4980000,0x00000007e7f80000)
 ParOldGen       total 682496K, used 550118K [0x0000000700000000, 0x0000000729a80000, 0x00000007aab00000)
  object space 682496K, 80% used [0x0000000700000000,0x0000000721939bb8,0x0000000729a80000)
 Metaspace       used 187429K, committed 190144K, reserved 1245184K
  class space    used 24596K, committed 25920K, reserved 1048576K
}
Event: 1377.160 GC heap before
{Heap before GC invocations=268 (full 8):
 PSYoungGen      total 800256K, used 747947K [0x00000007aab00000, 0x00000007e7f80000, 0x0000000800000000)
  eden space 744448K, 100% used [0x00000007aab00000,0x00000007d8200000,0x00000007d8200000)
  from space 55808K, 6% used [0x00000007d8200000,0x00000007d856ad60,0x00000007db880000)
  to   space 55296K, 0% used [0x00000007e4980000,0x00000007e4980000,0x00000007e7f80000)
 ParOldGen       total 682496K, used 550118K [0x0000000700000000, 0x0000000729a80000, 0x00000007aab00000)
  object space 682496K, 80% used [0x0000000700000000,0x0000000721939bb8,0x0000000729a80000)
 Metaspace       used 187436K, committed 190144K, reserved 1245184K
  class space    used 24597K, committed 25920K, reserved 1048576K
}
Event: 1377.202 GC heap after
{Heap after GC invocations=268 (full 8):
 PSYoungGen      total 945664K, used 5600K [0x00000007aab00000, 0x00000007e7c80000, 0x0000000800000000)
  eden space 893440K, 0% used [0x00000007aab00000,0x00000007aab00000,0x00000007e1380000)
  from space 52224K, 10% used [0x00000007e4980000,0x00000007e4ef8000,0x00000007e7c80000)
  to   space 53760K, 0% used [0x00000007e1380000,0x00000007e1380000,0x00000007e4800000)
 ParOldGen       total 682496K, used 553191K [0x0000000700000000, 0x0000000729a80000, 0x00000007aab00000)
  object space 682496K, 81% used [0x0000000700000000,0x0000000721c39fa0,0x0000000729a80000)
 Metaspace       used 187436K, committed 190144K, reserved 1245184K
  class space    used 24597K, committed 25920K, reserved 1048576K
}
Event: 1379.331 GC heap before
{Heap before GC invocations=269 (full 8):
 PSYoungGen      total 945664K, used 899040K [0x00000007aab00000, 0x00000007e7c80000, 0x0000000800000000)
  eden space 893440K, 100% used [0x00000007aab00000,0x00000007e1380000,0x00000007e1380000)
  from space 52224K, 10% used [0x00000007e4980000,0x00000007e4ef8000,0x00000007e7c80000)
  to   space 53760K, 0% used [0x00000007e1380000,0x00000007e1380000,0x00000007e4800000)
 ParOldGen       total 682496K, used 553191K [0x0000000700000000, 0x0000000729a80000, 0x00000007aab00000)
  object space 682496K, 81% used [0x0000000700000000,0x0000000721c39fa0,0x0000000729a80000)
 Metaspace       used 187437K, committed 190144K, reserved 1245184K
  class space    used 24597K, committed 25920K, reserved 1048576K
}
Event: 1379.850 GC heap after
{Heap after GC invocations=269 (full 8):
 PSYoungGen      total 947200K, used 6240K [0x00000007aab00000, 0x00000007f2700000, 0x0000000800000000)
  eden space 893440K, 0% used [0x00000007aab00000,0x00000007aab00000,0x00000007e1380000)
  from space 53760K, 11% used [0x00000007e1380000,0x00000007e1998000,0x00000007e4800000)
  to   space 51712K, 0% used [0x00000007ef480000,0x00000007ef480000,0x00000007f2700000)
 ParOldGen       total 682496K, used 558373K [0x0000000700000000, 0x0000000729a80000, 0x00000007aab00000)
  object space 682496K, 81% used [0x0000000700000000,0x0000000722149538,0x0000000729a80000)
 Metaspace       used 187437K, committed 190144K, reserved 1245184K
  class space    used 24597K, committed 25920K, reserved 1048576K
}
Event: 1383.118 GC heap before
{Heap before GC invocations=270 (full 8):
 PSYoungGen      total 947200K, used 899680K [0x00000007aab00000, 0x00000007f2700000, 0x0000000800000000)
  eden space 893440K, 100% used [0x00000007aab00000,0x00000007e1380000,0x00000007e1380000)
  from space 53760K, 11% used [0x00000007e1380000,0x00000007e1998000,0x00000007e4800000)
  to   space 51712K, 0% used [0x00000007ef480000,0x00000007ef480000,0x00000007f2700000)
 ParOldGen       total 682496K, used 558373K [0x0000000700000000, 0x0000000729a80000, 0x00000007aab00000)
  object space 682496K, 81% used [0x0000000700000000,0x0000000722149538,0x0000000729a80000)
 Metaspace       used 187442K, committed 190144K, reserved 1245184K
  class space    used 24597K, committed 25920K, reserved 1048576K
}
Event: 1383.141 GC heap after
{Heap after GC invocations=270 (full 8):
 PSYoungGen      total 1121792K, used 2735K [0x00000007aab00000, 0x00000007f2500000, 0x0000000800000000)
  eden space 1072128K, 0% used [0x00000007aab00000,0x00000007aab00000,0x00000007ec200000)
  from space 49664K, 5% used [0x00000007ef480000,0x00000007ef72bde0,0x00000007f2500000)
  to   space 50688K, 0% used [0x00000007ec200000,0x00000007ec200000,0x00000007ef380000)
 ParOldGen       total 682496K, used 559383K [0x0000000700000000, 0x0000000729a80000, 0x00000007aab00000)
  object space 682496K, 81% used [0x0000000700000000,0x0000000722245d00,0x0000000729a80000)
 Metaspace       used 187442K, committed 190144K, reserved 1245184K
  class space    used 24597K, committed 25920K, reserved 1048576K
}
Event: 1411.542 GC heap before
{Heap before GC invocations=271 (full 8):
 PSYoungGen      total 1121792K, used 1074863K [0x00000007aab00000, 0x00000007f2500000, 0x0000000800000000)
  eden space 1072128K, 100% used [0x00000007aab00000,0x00000007ec200000,0x00000007ec200000)
  from space 49664K, 5% used [0x00000007ef480000,0x00000007ef72bde0,0x00000007f2500000)
  to   space 50688K, 0% used [0x00000007ec200000,0x00000007ec200000,0x00000007ef380000)
 ParOldGen       total 682496K, used 559383K [0x0000000700000000, 0x0000000729a80000, 0x00000007aab00000)
  object space 682496K, 81% used [0x0000000700000000,0x0000000722245d00,0x0000000729a80000)
 Metaspace       used 193460K, committed 196224K, reserved 1245184K
  class space    used 25223K, committed 26560K, reserved 1048576K
}
Event: 1412.897 GC heap after
{Heap after GC invocations=271 (full 8):
 PSYoungGen      total 1122816K, used 22166K [0x00000007aab00000, 0x00000007ff480000, 0x0000000800000000)
  eden space 1072128K, 0% used [0x00000007aab00000,0x00000007aab00000,0x00000007ec200000)
  from space 50688K, 43% used [0x00000007ec200000,0x00000007ed7a5890,0x00000007ef380000)
  to   space 49664K, 0% used [0x00000007fc400000,0x00000007fc400000,0x00000007ff480000)
 ParOldGen       total 682496K, used 561907K [0x0000000700000000, 0x0000000729a80000, 0x00000007aab00000)
  object space 682496K, 82% used [0x0000000700000000,0x00000007224bcd18,0x0000000729a80000)
 Metaspace       used 193460K, committed 196224K, reserved 1245184K
  class space    used 25223K, committed 26560K, reserved 1048576K
}

