# JRE version: OpenJDK Runtime Environment (21.0.4) (build 21.0.4+-12508038-b607.1)
# Java VM: OpenJDK 64-Bit Server VM (21.0.4+-12508038-b607.1, mixed mode, tiered, compressed oops, compressed class ptrs, g1 gc, windows-amd64)
GC Precious Log:
 CardTable entry size: 512
 Card Set container configuration: InlinePtr #cards 4 size 8 Array Of Cards #cards 16 size 48 Howl #buckets 8 coarsen threshold 3686 Howl Bitmap #cards 512 size 80 coarsen threshold 460 Card regions per heap region 1 cards per card region 4096
 CPUs: 4 total, 4 available
 Memory: 3918M
 Large Page Support: Disabled
 NUMA Support: Disabled
 Compressed Oops: Enabled (Zero based)
 Heap Region Size: 2M
 Heap Min Capacity: 8M
 Heap Initial Capacity: 62M
 Heap Max Capacity: 4G
 Pre-touch: Disabled
 Parallel Workers: 4
 Concurrent Workers: 1
 Concurrent Refinement Workers: 4
 Periodic GC: Disabled
Heap:
 garbage-first heap   total 112640K, used 68306K [0x0000000700000000, 0x0000000800000000)
  region size 2048K, 3 young (6144K), 2 survivors (4096K)
 Metaspace       used 81336K, committed 83200K, reserved 1179648K
  class space    used 11292K, committed 12224K, reserved 1048576K
GC Heap History (20 events):
Event: 46.041 GC heap before
{Heap before GC invocations=26 (full 0):
 garbage-first heap   total 77824K, used 64497K [0x0000000700000000, 0x0000000800000000)
  region size 2048K, 15 young (30720K), 2 survivors (4096K)
 Metaspace       used 62716K, committed 64448K, reserved 1114112K
  class space    used 8595K, committed 9472K, reserved 1048576K
}
Event: 46.052 GC heap after
{Heap after GC invocations=27 (full 0):
 garbage-first heap   total 77824K, used 41505K [0x0000000700000000, 0x0000000800000000)
  region size 2048K, 2 young (4096K), 2 survivors (4096K)
 Metaspace       used 62716K, committed 64448K, reserved 1114112K
  class space    used 8595K, committed 9472K, reserved 1048576K
}
Event: 46.474 GC heap before
{Heap before GC invocations=27 (full 0):
 garbage-first heap   total 77824K, used 45601K [0x0000000700000000, 0x0000000800000000)
  region size 2048K, 5 young (10240K), 2 survivors (4096K)
 Metaspace       used 63126K, committed 64896K, reserved 1114112K
  class space    used 8657K, committed 9536K, reserved 1048576K
}
Event: 46.485 GC heap after
{Heap after GC invocations=28 (full 0):
 garbage-first heap   total 77824K, used 41805K [0x0000000700000000, 0x0000000800000000)
  region size 2048K, 1 young (2048K), 1 survivors (2048K)
 Metaspace       used 63126K, committed 64896K, reserved 1114112K
  class space    used 8657K, committed 9536K, reserved 1048576K
}
Event: 48.081 GC heap before
{Heap before GC invocations=29 (full 0):
 garbage-first heap   total 79872K, used 64333K [0x0000000700000000, 0x0000000800000000)
  region size 2048K, 12 young (24576K), 1 survivors (2048K)
 Metaspace       used 65325K, committed 67072K, reserved 1114112K
  class space    used 8972K, committed 9856K, reserved 1048576K
}
Event: 48.088 GC heap after
{Heap after GC invocations=30 (full 0):
 garbage-first heap   total 79872K, used 47119K [0x0000000700000000, 0x0000000800000000)
  region size 2048K, 2 young (4096K), 2 survivors (4096K)
 Metaspace       used 65325K, committed 67072K, reserved 1114112K
  class space    used 8972K, committed 9856K, reserved 1048576K
}
Event: 48.676 GC heap before
{Heap before GC invocations=31 (full 0):
 garbage-first heap   total 90112K, used 51215K [0x0000000700000000, 0x0000000800000000)
  region size 2048K, 3 young (6144K), 2 survivors (4096K)
 Metaspace       used 65325K, committed 67072K, reserved 1114112K
  class space    used 8972K, committed 9856K, reserved 1048576K
}
Event: 48.687 GC heap after
{Heap after GC invocations=32 (full 0):
 garbage-first heap   total 90112K, used 51921K [0x0000000700000000, 0x0000000800000000)
  region size 2048K, 2 young (4096K), 2 survivors (4096K)
 Metaspace       used 65325K, committed 67072K, reserved 1114112K
  class space    used 8972K, committed 9856K, reserved 1048576K
}
Event: 51.968 GC heap before
{Heap before GC invocations=33 (full 0):
 garbage-first heap   total 100352K, used 80593K [0x0000000700000000, 0x0000000800000000)
  region size 2048K, 14 young (28672K), 2 survivors (4096K)
 Metaspace       used 67520K, committed 69248K, reserved 1114112K
  class space    used 9297K, committed 10176K, reserved 1048576K
}
Event: 51.974 GC heap after
{Heap after GC invocations=34 (full 0):
 garbage-first heap   total 100352K, used 57289K [0x0000000700000000, 0x0000000800000000)
  region size 2048K, 2 young (4096K), 2 survivors (4096K)
 Metaspace       used 67520K, committed 69248K, reserved 1114112K
  class space    used 9297K, committed 10176K, reserved 1048576K
}
Event: 54.431 GC heap before
{Heap before GC invocations=34 (full 0):
 garbage-first heap   total 100352K, used 85961K [0x0000000700000000, 0x0000000800000000)
  region size 2048K, 16 young (32768K), 2 survivors (4096K)
 Metaspace       used 70694K, committed 72448K, reserved 1114112K
  class space    used 9702K, committed 10560K, reserved 1048576K
}
Event: 54.447 GC heap after
{Heap after GC invocations=35 (full 0):
 garbage-first heap   total 100352K, used 58691K [0x0000000700000000, 0x0000000800000000)
  region size 2048K, 2 young (4096K), 2 survivors (4096K)
 Metaspace       used 70694K, committed 72448K, reserved 1114112K
  class space    used 9702K, committed 10560K, reserved 1048576K
}
Event: 58.879 GC heap before
{Heap before GC invocations=36 (full 0):
 garbage-first heap   total 102400K, used 87363K [0x0000000700000000, 0x0000000800000000)
  region size 2048K, 16 young (32768K), 2 survivors (4096K)
 Metaspace       used 72807K, committed 74496K, reserved 1114112K
  class space    used 9976K, committed 10816K, reserved 1048576K
}
Event: 58.944 GC heap after
{Heap after GC invocations=37 (full 0):
 garbage-first heap   total 102400K, used 59950K [0x0000000700000000, 0x0000000800000000)
  region size 2048K, 2 young (4096K), 2 survivors (4096K)
 Metaspace       used 72807K, committed 74496K, reserved 1114112K
  class space    used 9976K, committed 10816K, reserved 1048576K
}
Event: 62.441 GC heap before
{Heap before GC invocations=37 (full 0):
 garbage-first heap   total 102400K, used 90670K [0x0000000700000000, 0x0000000800000000)
  region size 2048K, 17 young (34816K), 2 survivors (4096K)
 Metaspace       used 74795K, committed 76608K, reserved 1114112K
  class space    used 10234K, committed 11136K, reserved 1048576K
}
Event: 62.454 GC heap after
{Heap after GC invocations=38 (full 0):
 garbage-first heap   total 102400K, used 62566K [0x0000000700000000, 0x0000000800000000)
  region size 2048K, 3 young (6144K), 3 survivors (6144K)
 Metaspace       used 74795K, committed 76608K, reserved 1114112K
  class space    used 10234K, committed 11136K, reserved 1048576K
}
Event: 66.353 GC heap before
{Heap before GC invocations=39 (full 0):
 garbage-first heap   total 106496K, used 87142K [0x0000000700000000, 0x0000000800000000)
  region size 2048K, 15 young (30720K), 3 survivors (6144K)
 Metaspace       used 76529K, committed 78400K, reserved 1179648K
  class space    used 10479K, committed 11392K, reserved 1048576K
}
Event: 66.416 GC heap after
{Heap after GC invocations=40 (full 0):
 garbage-first heap   total 106496K, used 63578K [0x0000000700000000, 0x0000000800000000)
  region size 2048K, 1 young (2048K), 1 survivors (2048K)
 Metaspace       used 76529K, committed 78400K, reserved 1179648K
  class space    used 10479K, committed 11392K, reserved 1048576K
}
Event: 70.764 GC heap before
{Heap before GC invocations=40 (full 0):
 garbage-first heap   total 106496K, used 94298K [0x0000000700000000, 0x0000000800000000)
  region size 2048K, 16 young (32768K), 1 survivors (2048K)
 Metaspace       used 79201K, committed 81024K, reserved 1179648K
  class space    used 10909K, committed 11840K, reserved 1048576K
}
Event: 70.794 GC heap after
{Heap after GC invocations=41 (full 0):
 garbage-first heap   total 106496K, used 65535K [0x0000000700000000, 0x0000000800000000)
  region size 2048K, 2 young (4096K), 2 survivors (4096K)
 Metaspace       used 79201K, committed 81024K, reserved 1179648K
  class space    used 10909K, committed 11840K, reserved 1048576K
}

