# JRE version: OpenJDK Runtime Environment (21.0.4) (build 21.0.4+-12508038-b607.1)
# Java VM: OpenJDK 64-Bit Server VM (21.0.4+-12508038-b607.1, mixed mode, tiered, compressed oops, compressed class ptrs, g1 gc, windows-amd64)
GC Precious Log:
 CardTable entry size: 512
 Card Set container configuration: InlinePtr #cards 4 size 8 Array Of Cards #cards 16 size 48 Howl #buckets 8 coarsen threshold 3686 Howl Bitmap #cards 512 size 80 coarsen threshold 460 Card regions per heap region 1 cards per card region 4096
 CPUs: 4 total, 4 available
 Memory: 3918M
 Large Page Support: Disabled
 NUMA Support: Disabled
 Compressed Oops: Enabled (Zero based)
 Heap Region Size: 2M
 Heap Min Capacity: 8M
 Heap Initial Capacity: 62M
 Heap Max Capacity: 4G
 Pre-touch: Disabled
 Parallel Workers: 4
 Concurrent Workers: 1
 Concurrent Refinement Workers: 4
 Periodic GC: Disabled
Heap:
 garbage-first heap   total 63488K, used 24065K [0x0000000700000000, 0x0000000800000000)
  region size 2048K, 7 young (14336K), 3 survivors (6144K)
 Metaspace       used 20457K, committed 20736K, reserved 1114112K
  class space    used 2338K, committed 2496K, reserved 1048576K
GC Heap History (8 events):
Event: 2.381 GC heap before
{Heap before GC invocations=0 (full 0):
 garbage-first heap   total 63488K, used 10240K [0x0000000700000000, 0x0000000800000000)
  region size 2048K, 6 young (12288K), 0 survivors (0K)
 Metaspace       used 7775K, committed 7936K, reserved 1114112K
  class space    used 702K, committed 768K, reserved 1048576K
}
Event: 2.395 GC heap after
{Heap after GC invocations=1 (full 0):
 garbage-first heap   total 63488K, used 1845K [0x0000000700000000, 0x0000000800000000)
  region size 2048K, 1 young (2048K), 1 survivors (2048K)
 Metaspace       used 7775K, committed 7936K, reserved 1114112K
  class space    used 702K, committed 768K, reserved 1048576K
}
Event: 4.384 GC heap before
{Heap before GC invocations=1 (full 0):
 garbage-first heap   total 63488K, used 20277K [0x0000000700000000, 0x0000000800000000)
  region size 2048K, 9 young (18432K), 1 survivors (2048K)
 Metaspace       used 11794K, committed 11968K, reserved 1114112K
  class space    used 1233K, committed 1280K, reserved 1048576K
}
Event: 4.398 GC heap after
{Heap after GC invocations=2 (full 0):
 garbage-first heap   total 63488K, used 10530K [0x0000000700000000, 0x0000000800000000)
  region size 2048K, 2 young (4096K), 2 survivors (4096K)
 Metaspace       used 11794K, committed 11968K, reserved 1114112K
  class space    used 1233K, committed 1280K, reserved 1048576K
}
Event: 5.480 GC heap before
{Heap before GC invocations=2 (full 0):
 garbage-first heap   total 63488K, used 28962K [0x0000000700000000, 0x0000000800000000)
  region size 2048K, 11 young (22528K), 2 survivors (4096K)
 Metaspace       used 11885K, committed 12032K, reserved 1114112K
  class space    used 1234K, committed 1280K, reserved 1048576K
}
Event: 5.492 GC heap after
{Heap after GC invocations=3 (full 0):
 garbage-first heap   total 63488K, used 11104K [0x0000000700000000, 0x0000000800000000)
  region size 2048K, 1 young (2048K), 1 survivors (2048K)
 Metaspace       used 11885K, committed 12032K, reserved 1114112K
  class space    used 1234K, committed 1280K, reserved 1048576K
}
Event: 8.671 GC heap before
{Heap before GC invocations=3 (full 0):
 garbage-first heap   total 63488K, used 41824K [0x0000000700000000, 0x0000000800000000)
  region size 2048K, 17 young (34816K), 1 survivors (2048K)
 Metaspace       used 18947K, committed 19200K, reserved 1114112K
  class space    used 2121K, committed 2240K, reserved 1048576K
}
Event: 8.687 GC heap after
{Heap after GC invocations=4 (full 0):
 garbage-first heap   total 63488K, used 17921K [0x0000000700000000, 0x0000000800000000)
  region size 2048K, 3 young (6144K), 3 survivors (6144K)
 Metaspace       used 18947K, committed 19200K, reserved 1114112K
  class space    used 2121K, committed 2240K, reserved 1048576K
}

