# JRE version: OpenJDK Runtime Environment (21.0.4) (build 21.0.4+-12508038-b607.1)
# Java VM: OpenJDK 64-Bit Server VM (21.0.4+-12508038-b607.1, mixed mode, tiered, compressed oops, compressed class ptrs, parallel gc, windows-amd64)
GC Precious Log:
 CardTable entry size: 512
 CPUs: 4 total, 4 available
 Memory: 3918M
 Large Page Support: Disabled
 NUMA Support: Disabled
 Compressed Oops: Enabled (Zero based)
 Alignments: Space 512K, Generation 512K, Heap 2M
 Heap Min Capacity: 8M
 Heap Initial Capacity: 62M
 Heap Max Capacity: 6G
 Pre-touch: Disabled
 Parallel Workers: 4
Heap:
 PSYoungGen      total 73728K, used 24269K [0x0000000780000000, 0x0000000786700000, 0x0000000800000000)
  eden space 60416K, 18% used [0x0000000780000000,0x0000000780ab5eb8,0x0000000783b00000)
  from space 13312K, 99% used [0x0000000784e00000,0x0000000785afd5b0,0x0000000785b00000)
  to   space 19456K, 0% used [0x0000000783b00000,0x0000000783b00000,0x0000000784e00000)
 ParOldGen       total 141824K, used 141741K [0x0000000680000000, 0x0000000688a80000, 0x0000000780000000)
  object space 141824K, 99% used [0x0000000680000000,0x0000000688a6b6f0,0x0000000688a80000)
 Metaspace       used 111465K, committed 113792K, reserved 983040K
  class space    used 15310K, committed 16448K, reserved 851968K
GC Heap History (20 events):
Event: 149.016 GC heap before
{Heap before GC invocations=49 (full 3):
 PSYoungGen      total 35328K, used 29327K [0x0000000780000000, 0x0000000782f00000, 0x0000000800000000)
  eden space 27648K, 96% used [0x0000000780000000,0x0000000781a23838,0x0000000781b00000)
  from space 7680K, 33% used [0x0000000781b00000,0x0000000781d80610,0x0000000782280000)
  to   space 7168K, 0% used [0x0000000782800000,0x0000000782800000,0x0000000782f00000)
 ParOldGen       total 104960K, used 104734K [0x0000000680000000, 0x0000000686680000, 0x0000000780000000)
  object space 104960K, 99% used [0x0000000680000000,0x0000000686647818,0x0000000686680000)
 Metaspace       used 97573K, committed 99648K, reserved 983040K
  class space    used 13199K, committed 14208K, reserved 851968K
}
Event: 149.031 GC heap after
{Heap after GC invocations=49 (full 3):
 PSYoungGen      total 37376K, used 7137K [0x0000000780000000, 0x0000000783600000, 0x0000000800000000)
  eden space 30208K, 0% used [0x0000000780000000,0x0000000780000000,0x0000000781d80000)
  from space 7168K, 99% used [0x0000000782800000,0x0000000782ef8628,0x0000000782f00000)
  to   space 10752K, 0% used [0x0000000781d80000,0x0000000781d80000,0x0000000782800000)
 ParOldGen       total 111104K, used 111058K [0x0000000680000000, 0x0000000686c80000, 0x0000000780000000)
  object space 111104K, 99% used [0x0000000680000000,0x0000000686c74848,0x0000000686c80000)
 Metaspace       used 97573K, committed 99648K, reserved 983040K
  class space    used 13199K, committed 14208K, reserved 851968K
}
Event: 149.032 GC heap before
{Heap before GC invocations=50 (full 4):
 PSYoungGen      total 37376K, used 7137K [0x0000000780000000, 0x0000000783600000, 0x0000000800000000)
  eden space 30208K, 0% used [0x0000000780000000,0x0000000780000000,0x0000000781d80000)
  from space 7168K, 99% used [0x0000000782800000,0x0000000782ef8628,0x0000000782f00000)
  to   space 10752K, 0% used [0x0000000781d80000,0x0000000781d80000,0x0000000782800000)
 ParOldGen       total 111104K, used 111058K [0x0000000680000000, 0x0000000686c80000, 0x0000000780000000)
  object space 111104K, 99% used [0x0000000680000000,0x0000000686c74848,0x0000000686c80000)
 Metaspace       used 97573K, committed 99648K, reserved 983040K
  class space    used 13199K, committed 14208K, reserved 851968K
}
Event: 151.848 GC heap after
{Heap after GC invocations=50 (full 4):
 PSYoungGen      total 37376K, used 5209K [0x0000000780000000, 0x0000000783600000, 0x0000000800000000)
  eden space 30208K, 0% used [0x0000000780000000,0x0000000780000000,0x0000000781d80000)
  from space 7168K, 72% used [0x0000000782800000,0x0000000782d16620,0x0000000782f00000)
  to   space 10752K, 0% used [0x0000000781d80000,0x0000000781d80000,0x0000000782800000)
 ParOldGen       total 111104K, used 110891K [0x0000000680000000, 0x0000000686c80000, 0x0000000780000000)
  object space 111104K, 99% used [0x0000000680000000,0x0000000686c4afc8,0x0000000686c80000)
 Metaspace       used 97573K, committed 99648K, reserved 983040K
  class space    used 13199K, committed 14208K, reserved 851968K
}
Event: 157.395 GC heap before
{Heap before GC invocations=51 (full 4):
 PSYoungGen      total 37376K, used 35417K [0x0000000780000000, 0x0000000783600000, 0x0000000800000000)
  eden space 30208K, 100% used [0x0000000780000000,0x0000000781d80000,0x0000000781d80000)
  from space 7168K, 72% used [0x0000000782800000,0x0000000782d16620,0x0000000782f00000)
  to   space 10752K, 0% used [0x0000000781d80000,0x0000000781d80000,0x0000000782800000)
 ParOldGen       total 111104K, used 110891K [0x0000000680000000, 0x0000000686c80000, 0x0000000780000000)
  object space 111104K, 99% used [0x0000000680000000,0x0000000686c4afc8,0x0000000686c80000)
 Metaspace       used 99270K, committed 101440K, reserved 983040K
  class space    used 13457K, committed 14528K, reserved 851968K
}
Event: 157.537 GC heap after
{Heap after GC invocations=51 (full 4):
 PSYoungGen      total 40960K, used 1752K [0x0000000780000000, 0x0000000783900000, 0x0000000800000000)
  eden space 30208K, 0% used [0x0000000780000000,0x0000000780000000,0x0000000781d80000)
  from space 10752K, 16% used [0x0000000781d80000,0x0000000781f36140,0x0000000782800000)
  to   space 10752K, 0% used [0x0000000782e80000,0x0000000782e80000,0x0000000783900000)
 ParOldGen       total 116736K, used 116127K [0x0000000680000000, 0x0000000687200000, 0x0000000780000000)
  object space 116736K, 99% used [0x0000000680000000,0x0000000687167c90,0x0000000687200000)
 Metaspace       used 99270K, committed 101440K, reserved 983040K
  class space    used 13457K, committed 14528K, reserved 851968K
}
Event: 160.058 GC heap before
{Heap before GC invocations=52 (full 4):
 PSYoungGen      total 40960K, used 31960K [0x0000000780000000, 0x0000000783900000, 0x0000000800000000)
  eden space 30208K, 100% used [0x0000000780000000,0x0000000781d80000,0x0000000781d80000)
  from space 10752K, 16% used [0x0000000781d80000,0x0000000781f36140,0x0000000782800000)
  to   space 10752K, 0% used [0x0000000782e80000,0x0000000782e80000,0x0000000783900000)
 ParOldGen       total 116736K, used 116127K [0x0000000680000000, 0x0000000687200000, 0x0000000780000000)
  object space 116736K, 99% used [0x0000000680000000,0x0000000687167c90,0x0000000687200000)
 Metaspace       used 101390K, committed 103552K, reserved 983040K
  class space    used 13782K, committed 14848K, reserved 851968K
}
Event: 160.064 GC heap after
{Heap after GC invocations=52 (full 4):
 PSYoungGen      total 46592K, used 672K [0x0000000780000000, 0x0000000783800000, 0x0000000800000000)
  eden space 36864K, 0% used [0x0000000780000000,0x0000000780000000,0x0000000782400000)
  from space 9728K, 6% used [0x0000000782e80000,0x0000000782f28010,0x0000000783800000)
  to   space 10240K, 0% used [0x0000000782400000,0x0000000782400000,0x0000000782e00000)
 ParOldGen       total 118272K, used 117777K [0x0000000680000000, 0x0000000687380000, 0x0000000780000000)
  object space 118272K, 99% used [0x0000000680000000,0x0000000687304590,0x0000000687380000)
 Metaspace       used 101390K, committed 103552K, reserved 983040K
  class space    used 13782K, committed 14848K, reserved 851968K
}
Event: 163.257 GC heap before
{Heap before GC invocations=53 (full 4):
 PSYoungGen      total 46592K, used 37536K [0x0000000780000000, 0x0000000783800000, 0x0000000800000000)
  eden space 36864K, 100% used [0x0000000780000000,0x0000000782400000,0x0000000782400000)
  from space 9728K, 6% used [0x0000000782e80000,0x0000000782f28010,0x0000000783800000)
  to   space 10240K, 0% used [0x0000000782400000,0x0000000782400000,0x0000000782e00000)
 ParOldGen       total 118272K, used 117777K [0x0000000680000000, 0x0000000687380000, 0x0000000780000000)
  object space 118272K, 99% used [0x0000000680000000,0x0000000687304590,0x0000000687380000)
 Metaspace       used 104108K, committed 106304K, reserved 983040K
  class space    used 14302K, committed 15360K, reserved 851968K
}
Event: 163.265 GC heap after
{Heap after GC invocations=53 (full 4):
 PSYoungGen      total 47104K, used 1413K [0x0000000780000000, 0x0000000783f00000, 0x0000000800000000)
  eden space 36864K, 0% used [0x0000000780000000,0x0000000780000000,0x0000000782400000)
  from space 10240K, 13% used [0x0000000782400000,0x0000000782561530,0x0000000782e00000)
  to   space 9728K, 0% used [0x0000000783580000,0x0000000783580000,0x0000000783f00000)
 ParOldGen       total 118784K, used 118373K [0x0000000680000000, 0x0000000687400000, 0x0000000780000000)
  object space 118784K, 99% used [0x0000000680000000,0x0000000687399488,0x0000000687400000)
 Metaspace       used 104108K, committed 106304K, reserved 983040K
  class space    used 14302K, committed 15360K, reserved 851968K
}
Event: 169.027 GC heap before
{Heap before GC invocations=54 (full 4):
 PSYoungGen      total 47104K, used 38277K [0x0000000780000000, 0x0000000783f00000, 0x0000000800000000)
  eden space 36864K, 100% used [0x0000000780000000,0x0000000782400000,0x0000000782400000)
  from space 10240K, 13% used [0x0000000782400000,0x0000000782561530,0x0000000782e00000)
  to   space 9728K, 0% used [0x0000000783580000,0x0000000783580000,0x0000000783f00000)
 ParOldGen       total 118784K, used 118373K [0x0000000680000000, 0x0000000687400000, 0x0000000780000000)
  object space 118784K, 99% used [0x0000000680000000,0x0000000687399488,0x0000000687400000)
 Metaspace       used 106403K, committed 108544K, reserved 983040K
  class space    used 14569K, committed 15616K, reserved 851968K
}
Event: 169.101 GC heap after
{Heap after GC invocations=54 (full 4):
 PSYoungGen      total 54784K, used 1184K [0x0000000780000000, 0x0000000783f00000, 0x0000000800000000)
  eden space 45056K, 0% used [0x0000000780000000,0x0000000780000000,0x0000000782c00000)
  from space 9728K, 12% used [0x0000000783580000,0x00000007836a8000,0x0000000783f00000)
  to   space 9728K, 0% used [0x0000000782c00000,0x0000000782c00000,0x0000000783580000)
 ParOldGen       total 119808K, used 119742K [0x0000000680000000, 0x0000000687500000, 0x0000000780000000)
  object space 119808K, 99% used [0x0000000680000000,0x00000006874efae8,0x0000000687500000)
 Metaspace       used 106403K, committed 108544K, reserved 983040K
  class space    used 14569K, committed 15616K, reserved 851968K
}
Event: 176.949 GC heap before
{Heap before GC invocations=55 (full 4):
 PSYoungGen      total 54784K, used 46240K [0x0000000780000000, 0x0000000783f00000, 0x0000000800000000)
  eden space 45056K, 100% used [0x0000000780000000,0x0000000782c00000,0x0000000782c00000)
  from space 9728K, 12% used [0x0000000783580000,0x00000007836a8000,0x0000000783f00000)
  to   space 9728K, 0% used [0x0000000782c00000,0x0000000782c00000,0x0000000783580000)
 ParOldGen       total 119808K, used 119742K [0x0000000680000000, 0x0000000687500000, 0x0000000780000000)
  object space 119808K, 99% used [0x0000000680000000,0x00000006874efae8,0x0000000687500000)
 Metaspace       used 107904K, committed 110144K, reserved 983040K
  class space    used 14789K, committed 15872K, reserved 851968K
}
Event: 176.975 GC heap after
{Heap after GC invocations=55 (full 4):
 PSYoungGen      total 54784K, used 4704K [0x0000000780000000, 0x0000000784880000, 0x0000000800000000)
  eden space 45056K, 0% used [0x0000000780000000,0x0000000780000000,0x0000000782c00000)
  from space 9728K, 48% used [0x0000000782c00000,0x0000000783098000,0x0000000783580000)
  to   space 9728K, 0% used [0x0000000783f00000,0x0000000783f00000,0x0000000784880000)
 ParOldGen       total 120832K, used 120762K [0x0000000680000000, 0x0000000687600000, 0x0000000780000000)
  object space 120832K, 99% used [0x0000000680000000,0x00000006875eeaf8,0x0000000687600000)
 Metaspace       used 107904K, committed 110144K, reserved 983040K
  class space    used 14789K, committed 15872K, reserved 851968K
}
Event: 192.760 GC heap before
{Heap before GC invocations=56 (full 4):
 PSYoungGen      total 54784K, used 49760K [0x0000000780000000, 0x0000000784880000, 0x0000000800000000)
  eden space 45056K, 100% used [0x0000000780000000,0x0000000782c00000,0x0000000782c00000)
  from space 9728K, 48% used [0x0000000782c00000,0x0000000783098000,0x0000000783580000)
  to   space 9728K, 0% used [0x0000000783f00000,0x0000000783f00000,0x0000000784880000)
 ParOldGen       total 120832K, used 120762K [0x0000000680000000, 0x0000000687600000, 0x0000000780000000)
  object space 120832K, 99% used [0x0000000680000000,0x00000006875eeaf8,0x0000000687600000)
 Metaspace       used 109578K, committed 111744K, reserved 983040K
  class space    used 15013K, committed 16064K, reserved 851968K
}
Event: 192.916 GC heap after
{Heap after GC invocations=56 (full 4):
 PSYoungGen      total 63488K, used 4000K [0x0000000780000000, 0x0000000784780000, 0x0000000800000000)
  eden space 54784K, 0% used [0x0000000780000000,0x0000000780000000,0x0000000783580000)
  from space 8704K, 45% used [0x0000000783f00000,0x00000007842e8000,0x0000000784780000)
  to   space 9216K, 0% used [0x0000000783580000,0x0000000783580000,0x0000000783e80000)
 ParOldGen       total 125440K, used 125366K [0x0000000680000000, 0x0000000687a80000, 0x0000000780000000)
  object space 125440K, 99% used [0x0000000680000000,0x0000000687a6db18,0x0000000687a80000)
 Metaspace       used 109578K, committed 111744K, reserved 983040K
  class space    used 15013K, committed 16064K, reserved 851968K
}
Event: 205.871 GC heap before
{Heap before GC invocations=57 (full 4):
 PSYoungGen      total 63488K, used 58784K [0x0000000780000000, 0x0000000784780000, 0x0000000800000000)
  eden space 54784K, 100% used [0x0000000780000000,0x0000000783580000,0x0000000783580000)
  from space 8704K, 45% used [0x0000000783f00000,0x00000007842e8000,0x0000000784780000)
  to   space 9216K, 0% used [0x0000000783580000,0x0000000783580000,0x0000000783e80000)
 ParOldGen       total 125440K, used 125366K [0x0000000680000000, 0x0000000687a80000, 0x0000000780000000)
  object space 125440K, 99% used [0x0000000680000000,0x0000000687a6db18,0x0000000687a80000)
 Metaspace       used 110726K, committed 113024K, reserved 983040K
  class space    used 15226K, committed 16320K, reserved 851968K
}
Event: 206.251 GC heap after
{Heap after GC invocations=57 (full 4):
 PSYoungGen      total 64000K, used 9196K [0x0000000780000000, 0x0000000785b00000, 0x0000000800000000)
  eden space 54784K, 0% used [0x0000000780000000,0x0000000780000000,0x0000000783580000)
  from space 9216K, 99% used [0x0000000783580000,0x0000000783e7b030,0x0000000783e80000)
  to   space 13312K, 0% used [0x0000000784e00000,0x0000000784e00000,0x0000000785b00000)
 ParOldGen       total 131584K, used 131578K [0x0000000680000000, 0x0000000688080000, 0x0000000780000000)
  object space 131584K, 99% used [0x0000000680000000,0x000000068807eba8,0x0000000688080000)
 Metaspace       used 110726K, committed 113024K, reserved 983040K
  class space    used 15226K, committed 16320K, reserved 851968K
}
Event: 225.681 GC heap before
{Heap before GC invocations=58 (full 4):
 PSYoungGen      total 64000K, used 63980K [0x0000000780000000, 0x0000000785b00000, 0x0000000800000000)
  eden space 54784K, 100% used [0x0000000780000000,0x0000000783580000,0x0000000783580000)
  from space 9216K, 99% used [0x0000000783580000,0x0000000783e7b030,0x0000000783e80000)
  to   space 13312K, 0% used [0x0000000784e00000,0x0000000784e00000,0x0000000785b00000)
 ParOldGen       total 131584K, used 131578K [0x0000000680000000, 0x0000000688080000, 0x0000000780000000)
  object space 131584K, 99% used [0x0000000680000000,0x000000068807eba8,0x0000000688080000)
 Metaspace       used 111273K, committed 113536K, reserved 983040K
  class space    used 15294K, committed 16384K, reserved 851968K
}
Event: 226.121 GC heap after
{Heap after GC invocations=58 (full 4):
 PSYoungGen      total 73728K, used 13301K [0x0000000780000000, 0x0000000786700000, 0x0000000800000000)
  eden space 60416K, 0% used [0x0000000780000000,0x0000000780000000,0x0000000783b00000)
  from space 13312K, 99% used [0x0000000784e00000,0x0000000785afd5b0,0x0000000785b00000)
  to   space 19456K, 0% used [0x0000000783b00000,0x0000000783b00000,0x0000000784e00000)
 ParOldGen       total 141824K, used 141741K [0x0000000680000000, 0x0000000688a80000, 0x0000000780000000)
  object space 141824K, 99% used [0x0000000680000000,0x0000000688a6b6f0,0x0000000688a80000)
 Metaspace       used 111273K, committed 113536K, reserved 983040K
  class space    used 15294K, committed 16384K, reserved 851968K
}

