# JRE version: OpenJDK Runtime Environment (21.0.4) (build 21.0.4+-12508038-b607.1)
# Java VM: OpenJDK 64-Bit Server VM (21.0.4+-12508038-b607.1, mixed mode, tiered, compressed oops, compressed class ptrs, g1 gc, windows-amd64)
GC Precious Log:
 CardTable entry size: 512
 Card Set container configuration: InlinePtr #cards 4 size 8 Array Of Cards #cards 16 size 48 Howl #buckets 8 coarsen threshold 3686 Howl Bitmap #cards 512 size 80 coarsen threshold 460 Card regions per heap region 1 cards per card region 4096
 CPUs: 4 total, 4 available
 Memory: 3918M
 Large Page Support: Disabled
 NUMA Support: Disabled
 Compressed Oops: Enabled (Zero based)
 Heap Region Size: 2M
 Heap Min Capacity: 8M
 Heap Initial Capacity: 62M
 Heap Max Capacity: 4G
 Pre-touch: Disabled
 Parallel Workers: 4
 Concurrent Workers: 1
 Concurrent Refinement Workers: 4
 Periodic GC: Disabled
Heap:
 garbage-first heap   total 280576K, used 229153K [0x0000000700000000, 0x0000000800000000)
  region size 2048K, 35 young (71680K), 1 survivors (2048K)
 Metaspace       used 111438K, committed 113728K, reserved 1179648K
  class space    used 15292K, committed 16384K, reserved 1048576K
GC Heap History (20 events):
Event: 222.531 GC heap before
{Heap before GC invocations=56 (full 0):
 garbage-first heap   total 178176K, used 145613K [0x0000000700000000, 0x0000000800000000)
  region size 2048K, 23 young (47104K), 2 survivors (4096K)
 Metaspace       used 94974K, committed 96960K, reserved 1179648K
  class space    used 12847K, committed 13824K, reserved 1048576K
}
Event: 222.569 GC heap after
{Heap after GC invocations=57 (full 0):
 garbage-first heap   total 215040K, used 107102K [0x0000000700000000, 0x0000000800000000)
  region size 2048K, 3 young (6144K), 3 survivors (6144K)
 Metaspace       used 94974K, committed 96960K, reserved 1179648K
  class space    used 12847K, committed 13824K, reserved 1048576K
}
Event: 243.365 GC heap before
{Heap before GC invocations=57 (full 0):
 garbage-first heap   total 215040K, used 174686K [0x0000000700000000, 0x0000000800000000)
  region size 2048K, 34 young (69632K), 3 survivors (6144K)
 Metaspace       used 96816K, committed 98816K, reserved 1179648K
  class space    used 13101K, committed 14080K, reserved 1048576K
}
Event: 243.495 GC heap after
{Heap after GC invocations=58 (full 0):
 garbage-first heap   total 215040K, used 115697K [0x0000000700000000, 0x0000000800000000)
  region size 2048K, 5 young (10240K), 5 survivors (10240K)
 Metaspace       used 96816K, committed 98816K, reserved 1179648K
  class space    used 13101K, committed 14080K, reserved 1048576K
}
Event: 256.886 GC heap before
{Heap before GC invocations=58 (full 0):
 garbage-first heap   total 215040K, used 193521K [0x0000000700000000, 0x0000000800000000)
  region size 2048K, 41 young (83968K), 5 survivors (10240K)
 Metaspace       used 97370K, committed 99456K, reserved 1179648K
  class space    used 13162K, committed 14208K, reserved 1048576K
}
Event: 257.040 GC heap after
{Heap after GC invocations=59 (full 0):
 garbage-first heap   total 217088K, used 133082K [0x0000000700000000, 0x0000000800000000)
  region size 2048K, 6 young (12288K), 6 survivors (12288K)
 Metaspace       used 97370K, committed 99456K, reserved 1179648K
  class space    used 13162K, committed 14208K, reserved 1048576K
}
Event: 284.859 GC heap before
{Heap before GC invocations=59 (full 0):
 garbage-first heap   total 217088K, used 192474K [0x0000000700000000, 0x0000000800000000)
  region size 2048K, 35 young (71680K), 6 survivors (12288K)
 Metaspace       used 100868K, committed 102912K, reserved 1179648K
  class space    used 13650K, committed 14656K, reserved 1048576K
}
Event: 284.967 GC heap after
{Heap after GC invocations=60 (full 0):
 garbage-first heap   total 217088K, used 136323K [0x0000000700000000, 0x0000000800000000)
  region size 2048K, 2 young (4096K), 2 survivors (4096K)
 Metaspace       used 100868K, committed 102912K, reserved 1179648K
  class space    used 13650K, committed 14656K, reserved 1048576K
}
Event: 316.344 GC heap before
{Heap before GC invocations=60 (full 0):
 garbage-first heap   total 217088K, used 195715K [0x0000000700000000, 0x0000000800000000)
  region size 2048K, 31 young (63488K), 2 survivors (4096K)
 Metaspace       used 105169K, committed 107328K, reserved 1179648K
  class space    used 14385K, committed 15424K, reserved 1048576K
}
Event: 316.612 GC heap after
{Heap after GC invocations=61 (full 0):
 garbage-first heap   total 217088K, used 137741K [0x0000000700000000, 0x0000000800000000)
  region size 2048K, 3 young (6144K), 3 survivors (6144K)
 Metaspace       used 105169K, committed 107328K, reserved 1179648K
  class space    used 14385K, committed 15424K, reserved 1048576K
}
Event: 327.644 GC heap before
{Heap before GC invocations=62 (full 0):
 garbage-first heap   total 233472K, used 150029K [0x0000000700000000, 0x0000000800000000)
  region size 2048K, 9 young (18432K), 3 survivors (6144K)
 Metaspace       used 105715K, committed 107840K, reserved 1179648K
  class space    used 14457K, committed 15488K, reserved 1048576K
}
Event: 327.694 GC heap after
{Heap after GC invocations=63 (full 0):
 garbage-first heap   total 233472K, used 138397K [0x0000000700000000, 0x0000000800000000)
  region size 2048K, 2 young (4096K), 2 survivors (4096K)
 Metaspace       used 105715K, committed 107840K, reserved 1179648K
  class space    used 14457K, committed 15488K, reserved 1048576K
}
Event: 347.272 GC heap before
{Heap before GC invocations=63 (full 0):
 garbage-first heap   total 233472K, used 210077K [0x0000000700000000, 0x0000000800000000)
  region size 2048K, 38 young (77824K), 2 survivors (4096K)
 Metaspace       used 108632K, committed 110848K, reserved 1179648K
  class space    used 14879K, committed 15936K, reserved 1048576K
}
Event: 347.471 GC heap after
{Heap after GC invocations=64 (full 0):
 garbage-first heap   total 233472K, used 145411K [0x0000000700000000, 0x0000000800000000)
  region size 2048K, 5 young (10240K), 5 survivors (10240K)
 Metaspace       used 108632K, committed 110848K, reserved 1179648K
  class space    used 14879K, committed 15936K, reserved 1048576K
}
Event: 350.661 GC heap before
{Heap before GC invocations=64 (full 0):
 garbage-first heap   total 233472K, used 151555K [0x0000000700000000, 0x0000000800000000)
  region size 2048K, 8 young (16384K), 5 survivors (10240K)
 Metaspace       used 109117K, committed 111296K, reserved 1179648K
  class space    used 14945K, committed 16000K, reserved 1048576K
}
Event: 350.777 GC heap after
{Heap after GC invocations=65 (full 0):
 garbage-first heap   total 233472K, used 145867K [0x0000000700000000, 0x0000000800000000)
  region size 2048K, 1 young (2048K), 1 survivors (2048K)
 Metaspace       used 109117K, committed 111296K, reserved 1179648K
  class space    used 14945K, committed 16000K, reserved 1048576K
}
Event: 362.971 GC heap before
{Heap before GC invocations=65 (full 0):
 garbage-first heap   total 233472K, used 213451K [0x0000000700000000, 0x0000000800000000)
  region size 2048K, 35 young (71680K), 1 survivors (2048K)
 Metaspace       used 110688K, committed 113024K, reserved 1179648K
  class space    used 15203K, committed 16320K, reserved 1048576K
}
Event: 363.114 GC heap after
{Heap after GC invocations=66 (full 0):
 garbage-first heap   total 233472K, used 158438K [0x0000000700000000, 0x0000000800000000)
  region size 2048K, 5 young (10240K), 5 survivors (10240K)
 Metaspace       used 110688K, committed 113024K, reserved 1179648K
  class space    used 15203K, committed 16320K, reserved 1048576K
}
Event: 363.764 GC heap before
{Heap before GC invocations=66 (full 0):
 garbage-first heap   total 233472K, used 166630K [0x0000000700000000, 0x0000000800000000)
  region size 2048K, 9 young (18432K), 5 survivors (10240K)
 Metaspace       used 110688K, committed 113024K, reserved 1179648K
  class space    used 15203K, committed 16320K, reserved 1048576K
}
Event: 363.808 GC heap after
{Heap after GC invocations=67 (full 0):
 garbage-first heap   total 280576K, used 161569K [0x0000000700000000, 0x0000000800000000)
  region size 2048K, 1 young (2048K), 1 survivors (2048K)
 Metaspace       used 110688K, committed 113024K, reserved 1179648K
  class space    used 15203K, committed 16320K, reserved 1048576K
}

