# JRE version: OpenJDK Runtime Environment (21.0.4) (build 21.0.4+-12508038-b607.1)
# Java VM: OpenJDK 64-Bit Server VM (21.0.4+-12508038-b607.1, mixed mode, tiered, compressed oops, compressed class ptrs, g1 gc, windows-amd64)
GC Precious Log:
 CardTable entry size: 512
 Card Set container configuration: InlinePtr #cards 4 size 8 Array Of Cards #cards 16 size 48 Howl #buckets 8 coarsen threshold 3686 Howl Bitmap #cards 512 size 80 coarsen threshold 460 Card regions per heap region 1 cards per card region 4096
 CPUs: 4 total, 4 available
 Memory: 3918M
 Large Page Support: Disabled
 NUMA Support: Disabled
 Compressed Oops: Enabled (Zero based)
 Heap Region Size: 2M
 Heap Min Capacity: 8M
 Heap Initial Capacity: 62M
 Heap Max Capacity: 4G
 Pre-touch: Disabled
 Parallel Workers: 4
 Concurrent Workers: 1
 Concurrent Refinement Workers: 4
 Periodic GC: Disabled
Heap:
 garbage-first heap   total 317440K, used 209533K [0x0000000700000000, 0x0000000800000000)
  region size 2048K, 8 young (16384K), 6 survivors (12288K)
 Metaspace       used 123029K, committed 125504K, reserved 1179648K
  class space    used 16734K, committed 17920K, reserved 1048576K
GC Heap History (20 events):
Event: 108.136 GC heap before
{Heap before GC invocations=61 (full 0):
 garbage-first heap   total 219136K, used 195436K [0x0000000700000000, 0x0000000800000000)
  region size 2048K, 30 young (61440K), 2 survivors (4096K)
 Metaspace       used 106643K, committed 108864K, reserved 1179648K
  class space    used 14622K, committed 15680K, reserved 1048576K
}
Event: 108.149 GC heap after
{Heap after GC invocations=62 (full 0):
 garbage-first heap   total 219136K, used 139909K [0x0000000700000000, 0x0000000800000000)
  region size 2048K, 2 young (4096K), 2 survivors (4096K)
 Metaspace       used 106643K, committed 108864K, reserved 1179648K
  class space    used 14622K, committed 15680K, reserved 1048576K
}
Event: 111.952 GC heap before
{Heap before GC invocations=63 (full 0):
 garbage-first heap   total 235520K, used 199301K [0x0000000700000000, 0x0000000800000000)
  region size 2048K, 31 young (63488K), 2 survivors (4096K)
 Metaspace       used 108772K, committed 110976K, reserved 1179648K
  class space    used 14925K, committed 16000K, reserved 1048576K
}
Event: 111.981 GC heap after
{Heap after GC invocations=64 (full 0):
 garbage-first heap   total 235520K, used 145704K [0x0000000700000000, 0x0000000800000000)
  region size 2048K, 4 young (8192K), 4 survivors (8192K)
 Metaspace       used 108772K, committed 110976K, reserved 1179648K
  class space    used 14925K, committed 16000K, reserved 1048576K
}
Event: 150.423 GC heap before
{Heap before GC invocations=64 (full 0):
 garbage-first heap   total 235520K, used 209192K [0x0000000700000000, 0x0000000800000000)
  region size 2048K, 36 young (73728K), 4 survivors (8192K)
 Metaspace       used 110508K, committed 112768K, reserved 1179648K
  class space    used 15222K, committed 16320K, reserved 1048576K
}
Event: 150.784 GC heap after
{Heap after GC invocations=65 (full 0):
 garbage-first heap   total 235520K, used 159548K [0x0000000700000000, 0x0000000800000000)
  region size 2048K, 5 young (10240K), 5 survivors (10240K)
 Metaspace       used 110508K, committed 112768K, reserved 1179648K
  class space    used 15222K, committed 16320K, reserved 1048576K
}
Event: 155.395 GC heap before
{Heap before GC invocations=65 (full 0):
 garbage-first heap   total 235520K, used 175932K [0x0000000700000000, 0x0000000800000000)
  region size 2048K, 14 young (28672K), 5 survivors (10240K)
 Metaspace       used 110642K, committed 112960K, reserved 1179648K
  class space    used 15239K, committed 16384K, reserved 1048576K
}
Event: 155.598 GC heap after
{Heap after GC invocations=66 (full 0):
 garbage-first heap   total 235520K, used 164277K [0x0000000700000000, 0x0000000800000000)
  region size 2048K, 2 young (4096K), 2 survivors (4096K)
 Metaspace       used 110642K, committed 112960K, reserved 1179648K
  class space    used 15239K, committed 16384K, reserved 1048576K
}
Event: 185.317 GC heap before
{Heap before GC invocations=67 (full 0):
 garbage-first heap   total 280576K, used 209333K [0x0000000700000000, 0x0000000800000000)
  region size 2048K, 24 young (49152K), 2 survivors (4096K)
 Metaspace       used 111117K, committed 113408K, reserved 1179648K
  class space    used 15297K, committed 16384K, reserved 1048576K
}
Event: 185.444 GC heap after
{Heap after GC invocations=68 (full 0):
 garbage-first heap   total 280576K, used 176483K [0x0000000700000000, 0x0000000800000000)
  region size 2048K, 3 young (6144K), 3 survivors (6144K)
 Metaspace       used 111117K, committed 113408K, reserved 1179648K
  class space    used 15297K, committed 16384K, reserved 1048576K
}
Event: 201.556 GC heap before
{Heap before GC invocations=68 (full 0):
 garbage-first heap   total 280576K, used 229731K [0x0000000700000000, 0x0000000800000000)
  region size 2048K, 29 young (59392K), 3 survivors (6144K)
 Metaspace       used 113208K, committed 115520K, reserved 1179648K
  class space    used 15576K, committed 16704K, reserved 1048576K
}
Event: 201.655 GC heap after
{Heap after GC invocations=69 (full 0):
 garbage-first heap   total 280576K, used 183347K [0x0000000700000000, 0x0000000800000000)
  region size 2048K, 4 young (8192K), 4 survivors (8192K)
 Metaspace       used 113208K, committed 115520K, reserved 1179648K
  class space    used 15576K, committed 16704K, reserved 1048576K
}
Event: 206.252 GC heap before
{Heap before GC invocations=69 (full 0):
 garbage-first heap   total 280576K, used 240691K [0x0000000700000000, 0x0000000800000000)
  region size 2048K, 32 young (65536K), 4 survivors (8192K)
 Metaspace       used 118115K, committed 120576K, reserved 1179648K
  class space    used 16236K, committed 17408K, reserved 1048576K
}
Event: 206.348 GC heap after
{Heap after GC invocations=70 (full 0):
 garbage-first heap   total 280576K, used 189435K [0x0000000700000000, 0x0000000800000000)
  region size 2048K, 3 young (6144K), 3 survivors (6144K)
 Metaspace       used 118115K, committed 120576K, reserved 1179648K
  class space    used 16236K, committed 17408K, reserved 1048576K
}
Event: 211.991 GC heap before
{Heap before GC invocations=71 (full 0):
 garbage-first heap   total 317440K, used 244731K [0x0000000700000000, 0x0000000800000000)
  region size 2048K, 31 young (63488K), 3 survivors (6144K)
 Metaspace       used 120247K, committed 122752K, reserved 1179648K
  class space    used 16496K, committed 17664K, reserved 1048576K
}
Event: 212.039 GC heap after
{Heap after GC invocations=72 (full 0):
 garbage-first heap   total 317440K, used 197204K [0x0000000700000000, 0x0000000800000000)
  region size 2048K, 4 young (8192K), 4 survivors (8192K)
 Metaspace       used 120247K, committed 122752K, reserved 1179648K
  class space    used 16496K, committed 17664K, reserved 1048576K
}
Event: 223.072 GC heap before
{Heap before GC invocations=72 (full 0):
 garbage-first heap   total 317440K, used 268884K [0x0000000700000000, 0x0000000800000000)
  region size 2048K, 40 young (81920K), 4 survivors (8192K)
 Metaspace       used 122360K, committed 124800K, reserved 1179648K
  class space    used 16700K, committed 17856K, reserved 1048576K
}
Event: 223.158 GC heap after
{Heap after GC invocations=73 (full 0):
 garbage-first heap   total 317440K, used 203049K [0x0000000700000000, 0x0000000800000000)
  region size 2048K, 4 young (8192K), 4 survivors (8192K)
 Metaspace       used 122360K, committed 124800K, reserved 1179648K
  class space    used 16700K, committed 17856K, reserved 1048576K
}
Event: 230.512 GC heap before
{Heap before GC invocations=73 (full 0):
 garbage-first heap   total 317440K, used 276777K [0x0000000700000000, 0x0000000800000000)
  region size 2048K, 41 young (83968K), 4 survivors (8192K)
 Metaspace       used 122951K, committed 125440K, reserved 1179648K
  class space    used 16728K, committed 17920K, reserved 1048576K
}
Event: 230.726 GC heap after
{Heap after GC invocations=74 (full 0):
 garbage-first heap   total 317440K, used 207485K [0x0000000700000000, 0x0000000800000000)
  region size 2048K, 6 young (12288K), 6 survivors (12288K)
 Metaspace       used 122951K, committed 125440K, reserved 1179648K
  class space    used 16728K, committed 17920K, reserved 1048576K
}

