# JRE version: OpenJDK Runtime Environment (21.0.4) (build 21.0.4+-12508038-b607.1)
# Java VM: OpenJDK 64-Bit Server VM (21.0.4+-12508038-b607.1, mixed mode, tiered, compressed oops, compressed class ptrs, parallel gc, windows-amd64)
GC Precious Log:
 CardTable entry size: 512
 CPUs: 4 total, 4 available
 Memory: 3918M
 Large Page Support: Disabled
 NUMA Support: Disabled
 Compressed Oops: Enabled (32-bit)
 Alignments: Space 512K, Generation 512K, Heap 2M
 Heap Min Capacity: 8M
 Heap Initial Capacity: 62M
 Heap Max Capacity: 2G
 Pre-touch: Disabled
 Parallel Workers: 4
Heap:
 PSYoungGen      total 35328K, used 18345K [0x00000000d5580000, 0x00000000d8080000, 0x0000000100000000)
  eden space 27648K, 58% used [0x00000000d5580000,0x00000000d6535af0,0x00000000d7080000)
  from space 7680K, 29% used [0x00000000d7900000,0x00000000d7b34a80,0x00000000d8080000)
  to   space 8192K, 0% used [0x00000000d7080000,0x00000000d7080000,0x00000000d7880000)
 ParOldGen       total 42496K, used 30484K [0x0000000080000000, 0x0000000082980000, 0x00000000d5580000)
  object space 42496K, 71% used [0x0000000080000000,0x0000000081dc5318,0x0000000082980000)
 Metaspace       used 53897K, committed 55360K, reserved 1114112K
  class space    used 7222K, committed 7936K, reserved 1048576K
GC Heap History (20 events):
Event: 28.558 GC heap before
{Heap before GC invocations=5 (full 1):
 PSYoungGen      total 34304K, used 2544K [0x00000000d5580000, 0x00000000d7980000, 0x0000000100000000)
  eden space 31744K, 0% used [0x00000000d5580000,0x00000000d5580000,0x00000000d7480000)
  from space 2560K, 99% used [0x00000000d7700000,0x00000000d797c090,0x00000000d7980000)
  to   space 2560K, 0% used [0x00000000d7480000,0x00000000d7480000,0x00000000d7700000)
 ParOldGen       total 42496K, used 14962K [0x0000000080000000, 0x0000000082980000, 0x00000000d5580000)
  object space 42496K, 35% used [0x0000000080000000,0x0000000080e9ca58,0x0000000082980000)
 Metaspace       used 21149K, committed 21504K, reserved 1114112K
  class space    used 2443K, committed 2624K, reserved 1048576K
}
Event: 28.888 GC heap after
{Heap after GC invocations=5 (full 1):
 PSYoungGen      total 34304K, used 0K [0x00000000d5580000, 0x00000000d7980000, 0x0000000100000000)
  eden space 31744K, 0% used [0x00000000d5580000,0x00000000d5580000,0x00000000d7480000)
  from space 2560K, 0% used [0x00000000d7700000,0x00000000d7700000,0x00000000d7980000)
  to   space 2560K, 0% used [0x00000000d7480000,0x00000000d7480000,0x00000000d7700000)
 ParOldGen       total 42496K, used 17168K [0x0000000080000000, 0x0000000082980000, 0x00000000d5580000)
  object space 42496K, 40% used [0x0000000080000000,0x00000000810c4398,0x0000000082980000)
 Metaspace       used 21149K, committed 21504K, reserved 1114112K
  class space    used 2443K, committed 2624K, reserved 1048576K
}
Event: 39.476 GC heap before
{Heap before GC invocations=6 (full 1):
 PSYoungGen      total 34304K, used 31744K [0x00000000d5580000, 0x00000000d7980000, 0x0000000100000000)
  eden space 31744K, 100% used [0x00000000d5580000,0x00000000d7480000,0x00000000d7480000)
  from space 2560K, 0% used [0x00000000d7700000,0x00000000d7700000,0x00000000d7980000)
  to   space 2560K, 0% used [0x00000000d7480000,0x00000000d7480000,0x00000000d7700000)
 ParOldGen       total 42496K, used 17168K [0x0000000080000000, 0x0000000082980000, 0x00000000d5580000)
  object space 42496K, 40% used [0x0000000080000000,0x00000000810c4398,0x0000000082980000)
 Metaspace       used 26579K, committed 27072K, reserved 1114112K
  class space    used 3279K, committed 3520K, reserved 1048576K
}
Event: 39.487 GC heap after
{Heap after GC invocations=6 (full 1):
 PSYoungGen      total 33280K, used 1824K [0x00000000d5580000, 0x00000000d8580000, 0x0000000100000000)
  eden space 30720K, 0% used [0x00000000d5580000,0x00000000d5580000,0x00000000d7380000)
  from space 2560K, 71% used [0x00000000d7480000,0x00000000d7648000,0x00000000d7700000)
  to   space 9216K, 0% used [0x00000000d7c80000,0x00000000d7c80000,0x00000000d8580000)
 ParOldGen       total 42496K, used 17176K [0x0000000080000000, 0x0000000082980000, 0x00000000d5580000)
  object space 42496K, 40% used [0x0000000080000000,0x00000000810c6398,0x0000000082980000)
 Metaspace       used 26579K, committed 27072K, reserved 1114112K
  class space    used 3279K, committed 3520K, reserved 1048576K
}
Event: 45.479 GC heap before
{Heap before GC invocations=7 (full 1):
 PSYoungGen      total 33280K, used 32533K [0x00000000d5580000, 0x00000000d8580000, 0x0000000100000000)
  eden space 30720K, 99% used [0x00000000d5580000,0x00000000d737d5a8,0x00000000d7380000)
  from space 2560K, 71% used [0x00000000d7480000,0x00000000d7648000,0x00000000d7700000)
  to   space 9216K, 0% used [0x00000000d7c80000,0x00000000d7c80000,0x00000000d8580000)
 ParOldGen       total 42496K, used 17176K [0x0000000080000000, 0x0000000082980000, 0x00000000d5580000)
  object space 42496K, 40% used [0x0000000080000000,0x00000000810c6398,0x0000000082980000)
 Metaspace       used 31172K, committed 31872K, reserved 1114112K
  class space    used 4074K, committed 4416K, reserved 1048576K
}
Event: 45.490 GC heap after
{Heap after GC invocations=7 (full 1):
 PSYoungGen      total 37888K, used 3978K [0x00000000d5580000, 0x00000000d8400000, 0x0000000100000000)
  eden space 30208K, 0% used [0x00000000d5580000,0x00000000d5580000,0x00000000d7300000)
  from space 7680K, 51% used [0x00000000d7c80000,0x00000000d8062a90,0x00000000d8400000)
  to   space 8704K, 0% used [0x00000000d7300000,0x00000000d7300000,0x00000000d7b80000)
 ParOldGen       total 42496K, used 17184K [0x0000000080000000, 0x0000000082980000, 0x00000000d5580000)
  object space 42496K, 40% used [0x0000000080000000,0x00000000810c8398,0x0000000082980000)
 Metaspace       used 31172K, committed 31872K, reserved 1114112K
  class space    used 4074K, committed 4416K, reserved 1048576K
}
Event: 48.353 GC heap before
{Heap before GC invocations=8 (full 1):
 PSYoungGen      total 37888K, used 33004K [0x00000000d5580000, 0x00000000d8400000, 0x0000000100000000)
  eden space 30208K, 96% used [0x00000000d5580000,0x00000000d71d8728,0x00000000d7300000)
  from space 7680K, 51% used [0x00000000d7c80000,0x00000000d8062a90,0x00000000d8400000)
  to   space 8704K, 0% used [0x00000000d7300000,0x00000000d7300000,0x00000000d7b80000)
 ParOldGen       total 42496K, used 17184K [0x0000000080000000, 0x0000000082980000, 0x00000000d5580000)
  object space 42496K, 40% used [0x0000000080000000,0x00000000810c8398,0x0000000082980000)
 Metaspace       used 34935K, committed 35840K, reserved 1114112K
  class space    used 4691K, committed 5184K, reserved 1048576K
}
Event: 48.364 GC heap after
{Heap after GC invocations=8 (full 1):
 PSYoungGen      total 38912K, used 5392K [0x00000000d5580000, 0x00000000d8400000, 0x0000000100000000)
  eden space 30208K, 0% used [0x00000000d5580000,0x00000000d5580000,0x00000000d7300000)
  from space 8704K, 61% used [0x00000000d7300000,0x00000000d7844150,0x00000000d7b80000)
  to   space 8704K, 0% used [0x00000000d7b80000,0x00000000d7b80000,0x00000000d8400000)
 ParOldGen       total 42496K, used 17192K [0x0000000080000000, 0x0000000082980000, 0x00000000d5580000)
  object space 42496K, 40% used [0x0000000080000000,0x00000000810ca398,0x0000000082980000)
 Metaspace       used 34935K, committed 35840K, reserved 1114112K
  class space    used 4691K, committed 5184K, reserved 1048576K
}
Event: 48.366 GC heap before
{Heap before GC invocations=9 (full 2):
 PSYoungGen      total 38912K, used 5392K [0x00000000d5580000, 0x00000000d8400000, 0x0000000100000000)
  eden space 30208K, 0% used [0x00000000d5580000,0x00000000d5580000,0x00000000d7300000)
  from space 8704K, 61% used [0x00000000d7300000,0x00000000d7844150,0x00000000d7b80000)
  to   space 8704K, 0% used [0x00000000d7b80000,0x00000000d7b80000,0x00000000d8400000)
 ParOldGen       total 42496K, used 17192K [0x0000000080000000, 0x0000000082980000, 0x00000000d5580000)
  object space 42496K, 40% used [0x0000000080000000,0x00000000810ca398,0x0000000082980000)
 Metaspace       used 34935K, committed 35840K, reserved 1114112K
  class space    used 4691K, committed 5184K, reserved 1048576K
}
Event: 48.563 GC heap after
{Heap after GC invocations=9 (full 2):
 PSYoungGen      total 38912K, used 0K [0x00000000d5580000, 0x00000000d8400000, 0x0000000100000000)
  eden space 30208K, 0% used [0x00000000d5580000,0x00000000d5580000,0x00000000d7300000)
  from space 8704K, 0% used [0x00000000d7300000,0x00000000d7300000,0x00000000d7b80000)
  to   space 8704K, 0% used [0x00000000d7b80000,0x00000000d7b80000,0x00000000d8400000)
 ParOldGen       total 42496K, used 22271K [0x0000000080000000, 0x0000000082980000, 0x00000000d5580000)
  object space 42496K, 52% used [0x0000000080000000,0x00000000815bfdc0,0x0000000082980000)
 Metaspace       used 34935K, committed 35840K, reserved 1114112K
  class space    used 4691K, committed 5184K, reserved 1048576K
}
Event: 53.773 GC heap before
{Heap before GC invocations=10 (full 2):
 PSYoungGen      total 38912K, used 30208K [0x00000000d5580000, 0x00000000d8400000, 0x0000000100000000)
  eden space 30208K, 100% used [0x00000000d5580000,0x00000000d7300000,0x00000000d7300000)
  from space 8704K, 0% used [0x00000000d7300000,0x00000000d7300000,0x00000000d7b80000)
  to   space 8704K, 0% used [0x00000000d7b80000,0x00000000d7b80000,0x00000000d8400000)
 ParOldGen       total 42496K, used 22271K [0x0000000080000000, 0x0000000082980000, 0x00000000d5580000)
  object space 42496K, 52% used [0x0000000080000000,0x00000000815bfdc0,0x0000000082980000)
 Metaspace       used 41379K, committed 42496K, reserved 1114112K
  class space    used 5480K, committed 6016K, reserved 1048576K
}
Event: 53.783 GC heap after
{Heap after GC invocations=10 (full 2):
 PSYoungGen      total 37888K, used 2928K [0x00000000d5580000, 0x00000000d8380000, 0x0000000100000000)
  eden space 29696K, 0% used [0x00000000d5580000,0x00000000d5580000,0x00000000d7280000)
  from space 8192K, 35% used [0x00000000d7b80000,0x00000000d7e5c010,0x00000000d8380000)
  to   space 8704K, 0% used [0x00000000d7280000,0x00000000d7280000,0x00000000d7b00000)
 ParOldGen       total 42496K, used 22279K [0x0000000080000000, 0x0000000082980000, 0x00000000d5580000)
  object space 42496K, 52% used [0x0000000080000000,0x00000000815c1dc0,0x0000000082980000)
 Metaspace       used 41379K, committed 42496K, reserved 1114112K
  class space    used 5480K, committed 6016K, reserved 1048576K
}
Event: 58.909 GC heap before
{Heap before GC invocations=11 (full 2):
 PSYoungGen      total 37888K, used 32624K [0x00000000d5580000, 0x00000000d8380000, 0x0000000100000000)
  eden space 29696K, 100% used [0x00000000d5580000,0x00000000d7280000,0x00000000d7280000)
  from space 8192K, 35% used [0x00000000d7b80000,0x00000000d7e5c010,0x00000000d8380000)
  to   space 8704K, 0% used [0x00000000d7280000,0x00000000d7280000,0x00000000d7b00000)
 ParOldGen       total 42496K, used 22279K [0x0000000080000000, 0x0000000082980000, 0x00000000d5580000)
  object space 42496K, 52% used [0x0000000080000000,0x00000000815c1dc0,0x0000000082980000)
 Metaspace       used 43511K, committed 44544K, reserved 1114112K
  class space    used 5718K, committed 6208K, reserved 1048576K
}
Event: 58.918 GC heap after
{Heap after GC invocations=11 (full 2):
 PSYoungGen      total 34816K, used 5144K [0x00000000d5580000, 0x00000000d8200000, 0x0000000100000000)
  eden space 29184K, 0% used [0x00000000d5580000,0x00000000d5580000,0x00000000d7200000)
  from space 5632K, 91% used [0x00000000d7280000,0x00000000d7786088,0x00000000d7800000)
  to   space 8192K, 0% used [0x00000000d7a00000,0x00000000d7a00000,0x00000000d8200000)
 ParOldGen       total 42496K, used 22287K [0x0000000080000000, 0x0000000082980000, 0x00000000d5580000)
  object space 42496K, 52% used [0x0000000080000000,0x00000000815c3dc0,0x0000000082980000)
 Metaspace       used 43511K, committed 44544K, reserved 1114112K
  class space    used 5718K, committed 6208K, reserved 1048576K
}
Event: 61.325 GC heap before
{Heap before GC invocations=12 (full 2):
 PSYoungGen      total 34816K, used 34328K [0x00000000d5580000, 0x00000000d8200000, 0x0000000100000000)
  eden space 29184K, 100% used [0x00000000d5580000,0x00000000d7200000,0x00000000d7200000)
  from space 5632K, 91% used [0x00000000d7280000,0x00000000d7786088,0x00000000d7800000)
  to   space 8192K, 0% used [0x00000000d7a00000,0x00000000d7a00000,0x00000000d8200000)
 ParOldGen       total 42496K, used 22287K [0x0000000080000000, 0x0000000082980000, 0x00000000d5580000)
  object space 42496K, 52% used [0x0000000080000000,0x00000000815c3dc0,0x0000000082980000)
 Metaspace       used 46257K, committed 47424K, reserved 1114112K
  class space    used 6036K, committed 6592K, reserved 1048576K
}
Event: 61.341 GC heap after
{Heap after GC invocations=12 (full 2):
 PSYoungGen      total 36352K, used 4248K [0x00000000d5580000, 0x00000000d8180000, 0x0000000100000000)
  eden space 28672K, 0% used [0x00000000d5580000,0x00000000d5580000,0x00000000d7180000)
  from space 7680K, 55% used [0x00000000d7a00000,0x00000000d7e261b8,0x00000000d8180000)
  to   space 8192K, 0% used [0x00000000d7180000,0x00000000d7180000,0x00000000d7980000)
 ParOldGen       total 42496K, used 25120K [0x0000000080000000, 0x0000000082980000, 0x00000000d5580000)
  object space 42496K, 59% used [0x0000000080000000,0x0000000081888240,0x0000000082980000)
 Metaspace       used 46257K, committed 47424K, reserved 1114112K
  class space    used 6036K, committed 6592K, reserved 1048576K
}
Event: 64.085 GC heap before
{Heap before GC invocations=13 (full 2):
 PSYoungGen      total 36352K, used 32920K [0x00000000d5580000, 0x00000000d8180000, 0x0000000100000000)
  eden space 28672K, 100% used [0x00000000d5580000,0x00000000d7180000,0x00000000d7180000)
  from space 7680K, 55% used [0x00000000d7a00000,0x00000000d7e261b8,0x00000000d8180000)
  to   space 8192K, 0% used [0x00000000d7180000,0x00000000d7180000,0x00000000d7980000)
 ParOldGen       total 42496K, used 25120K [0x0000000080000000, 0x0000000082980000, 0x00000000d5580000)
  object space 42496K, 59% used [0x0000000080000000,0x0000000081888240,0x0000000082980000)
 Metaspace       used 48745K, committed 50048K, reserved 1114112K
  class space    used 6324K, committed 6976K, reserved 1048576K
}
Event: 64.099 GC heap after
{Heap after GC invocations=13 (full 2):
 PSYoungGen      total 30208K, used 2015K [0x00000000d5580000, 0x00000000d8100000, 0x0000000100000000)
  eden space 28160K, 0% used [0x00000000d5580000,0x00000000d5580000,0x00000000d7100000)
  from space 2048K, 98% used [0x00000000d7180000,0x00000000d7377d90,0x00000000d7380000)
  to   space 8192K, 0% used [0x00000000d7900000,0x00000000d7900000,0x00000000d8100000)
 ParOldGen       total 42496K, used 29325K [0x0000000080000000, 0x0000000082980000, 0x00000000d5580000)
  object space 42496K, 69% used [0x0000000080000000,0x0000000081ca3488,0x0000000082980000)
 Metaspace       used 48745K, committed 50048K, reserved 1114112K
  class space    used 6324K, committed 6976K, reserved 1048576K
}
Event: 69.838 GC heap before
{Heap before GC invocations=14 (full 2):
 PSYoungGen      total 30208K, used 30175K [0x00000000d5580000, 0x00000000d8100000, 0x0000000100000000)
  eden space 28160K, 100% used [0x00000000d5580000,0x00000000d7100000,0x00000000d7100000)
  from space 2048K, 98% used [0x00000000d7180000,0x00000000d7377d90,0x00000000d7380000)
  to   space 8192K, 0% used [0x00000000d7900000,0x00000000d7900000,0x00000000d8100000)
 ParOldGen       total 42496K, used 29325K [0x0000000080000000, 0x0000000082980000, 0x00000000d5580000)
  object space 42496K, 69% used [0x0000000080000000,0x0000000081ca3488,0x0000000082980000)
 Metaspace       used 52015K, committed 53312K, reserved 1114112K
  class space    used 6909K, committed 7552K, reserved 1048576K
}
Event: 69.852 GC heap after
{Heap after GC invocations=14 (full 2):
 PSYoungGen      total 35328K, used 2258K [0x00000000d5580000, 0x00000000d8080000, 0x0000000100000000)
  eden space 27648K, 0% used [0x00000000d5580000,0x00000000d5580000,0x00000000d7080000)
  from space 7680K, 29% used [0x00000000d7900000,0x00000000d7b34a80,0x00000000d8080000)
  to   space 8192K, 0% used [0x00000000d7080000,0x00000000d7080000,0x00000000d7880000)
 ParOldGen       total 42496K, used 30484K [0x0000000080000000, 0x0000000082980000, 0x00000000d5580000)
  object space 42496K, 71% used [0x0000000080000000,0x0000000081dc5318,0x0000000082980000)
 Metaspace       used 52015K, committed 53312K, reserved 1114112K
  class space    used 6909K, committed 7552K, reserved 1048576K
}

