# JRE version: OpenJDK Runtime Environment (21.0.4) (build 21.0.4+-12508038-b607.1)
# Java VM: OpenJDK 64-Bit Server VM (21.0.4+-12508038-b607.1, mixed mode, tiered, compressed oops, compressed class ptrs, g1 gc, windows-amd64)
GC Precious Log:
 CardTable entry size: 512
 Card Set container configuration: InlinePtr #cards 5 size 8 Array Of Cards #cards 12 size 40 Howl #buckets 4 coarsen threshold 1843 Howl Bitmap #cards 512 size 80 coarsen threshold 460 Card regions per heap region 1 cards per card region 2048
 CPUs: 4 total, 4 available
 Memory: 3918M
 Large Page Support: Disabled
 NUMA Support: Disabled
 Compressed Oops: Enabled (32-bit)
 Heap Region Size: 1M
 Heap Min Capacity: 8M
 Heap Initial Capacity: 62M
 Heap Max Capacity: 2G
 Pre-touch: Disabled
 Parallel Workers: 4
 Concurrent Workers: 1
 Concurrent Refinement Workers: 4
 Periodic GC: Disabled
Heap:
 garbage-first heap   total 445440K, used 282534K [0x0000000080000000, 0x0000000100000000)
  region size 1024K, 3 young (3072K), 3 survivors (3072K)
 Metaspace       used 156426K, committed 159168K, reserved 1245184K
  class space    used 20475K, committed 21824K, reserved 1048576K
GC Heap History (20 events):
Event: 760.629 GC heap after
{Heap after GC invocations=86 (full 0):
 garbage-first heap   total 427008K, used 251334K [0x0000000080000000, 0x0000000100000000)
  region size 1024K, 10 young (10240K), 10 survivors (10240K)
 Metaspace       used 138531K, committed 141056K, reserved 1179648K
  class space    used 18227K, committed 19456K, reserved 1048576K
}
Event: 763.424 GC heap before
{Heap before GC invocations=86 (full 0):
 garbage-first heap   total 427008K, used 251334K [0x0000000080000000, 0x0000000100000000)
  region size 1024K, 11 young (11264K), 10 survivors (10240K)
 Metaspace       used 138538K, committed 141056K, reserved 1179648K
  class space    used 18227K, committed 19456K, reserved 1048576K
}
Event: 763.574 GC heap after
{Heap after GC invocations=87 (full 0):
 garbage-first heap   total 427008K, used 251232K [0x0000000080000000, 0x0000000100000000)
  region size 1024K, 6 young (6144K), 6 survivors (6144K)
 Metaspace       used 138538K, committed 141056K, reserved 1179648K
  class space    used 18227K, committed 19456K, reserved 1048576K
}
Event: 798.852 GC heap before
{Heap before GC invocations=88 (full 0):
 garbage-first heap   total 445440K, used 407904K [0x0000000080000000, 0x0000000100000000)
  region size 1024K, 145 young (148480K), 6 survivors (6144K)
 Metaspace       used 143087K, committed 145664K, reserved 1179648K
  class space    used 18735K, committed 19968K, reserved 1048576K
}
Event: 799.038 GC heap after
{Heap after GC invocations=89 (full 0):
 garbage-first heap   total 445440K, used 249696K [0x0000000080000000, 0x0000000100000000)
  region size 1024K, 12 young (12288K), 12 survivors (12288K)
 Metaspace       used 143087K, committed 145664K, reserved 1179648K
  class space    used 18735K, committed 19968K, reserved 1048576K
}
Event: 799.819 GC heap before
{Heap before GC invocations=89 (full 0):
 garbage-first heap   total 445440K, used 258912K [0x0000000080000000, 0x0000000100000000)
  region size 1024K, 21 young (21504K), 12 survivors (12288K)
 Metaspace       used 143930K, committed 146560K, reserved 1179648K
  class space    used 18817K, committed 20096K, reserved 1048576K
}
Event: 799.876 GC heap after
{Heap after GC invocations=90 (full 0):
 garbage-first heap   total 445440K, used 250681K [0x0000000080000000, 0x0000000100000000)
  region size 1024K, 3 young (3072K), 3 survivors (3072K)
 Metaspace       used 143930K, committed 146560K, reserved 1179648K
  class space    used 18817K, committed 20096K, reserved 1048576K
}
Event: 863.632 GC heap before
{Heap before GC invocations=90 (full 0):
 garbage-first heap   total 445440K, used 322361K [0x0000000080000000, 0x0000000100000000)
  region size 1024K, 74 young (75776K), 3 survivors (3072K)
 Metaspace       used 152654K, committed 155264K, reserved 1245184K
  class space    used 20029K, committed 21312K, reserved 1048576K
}
Event: 863.774 GC heap after
{Heap after GC invocations=91 (full 0):
 garbage-first heap   total 445440K, used 254158K [0x0000000080000000, 0x0000000100000000)
  region size 1024K, 7 young (7168K), 7 survivors (7168K)
 Metaspace       used 152654K, committed 155264K, reserved 1245184K
  class space    used 20029K, committed 21312K, reserved 1048576K
}
Event: 865.154 GC heap before
{Heap before GC invocations=91 (full 0):
 garbage-first heap   total 445440K, used 276686K [0x0000000080000000, 0x0000000100000000)
  region size 1024K, 28 young (28672K), 7 survivors (7168K)
 Metaspace       used 153227K, committed 155904K, reserved 1245184K
  class space    used 20071K, committed 21376K, reserved 1048576K
}
Event: 865.222 GC heap after
{Heap after GC invocations=92 (full 0):
 garbage-first heap   total 445440K, used 260723K [0x0000000080000000, 0x0000000100000000)
  region size 1024K, 4 young (4096K), 4 survivors (4096K)
 Metaspace       used 153227K, committed 155904K, reserved 1245184K
  class space    used 20071K, committed 21376K, reserved 1048576K
}
Event: 877.835 GC heap before
{Heap before GC invocations=92 (full 0):
 garbage-first heap   total 445440K, used 327283K [0x0000000080000000, 0x0000000100000000)
  region size 1024K, 70 young (71680K), 4 survivors (4096K)
 Metaspace       used 155452K, committed 158208K, reserved 1245184K
  class space    used 20350K, committed 21696K, reserved 1048576K
}
Event: 878.174 GC heap after
{Heap after GC invocations=93 (full 0):
 garbage-first heap   total 445440K, used 268741K [0x0000000080000000, 0x0000000100000000)
  region size 1024K, 9 young (9216K), 9 survivors (9216K)
 Metaspace       used 155452K, committed 158208K, reserved 1245184K
  class space    used 20350K, committed 21696K, reserved 1048576K
}
Event: 882.219 GC heap before
{Heap before GC invocations=93 (full 0):
 garbage-first heap   total 445440K, used 280005K [0x0000000080000000, 0x0000000100000000)
  region size 1024K, 21 young (21504K), 9 survivors (9216K)
 Metaspace       used 155579K, committed 158272K, reserved 1245184K
  class space    used 20365K, committed 21696K, reserved 1048576K
}
Event: 882.436 GC heap after
{Heap after GC invocations=94 (full 0):
 garbage-first heap   total 445440K, used 273027K [0x0000000080000000, 0x0000000100000000)
  region size 1024K, 3 young (3072K), 3 survivors (3072K)
 Metaspace       used 155579K, committed 158272K, reserved 1245184K
  class space    used 20365K, committed 21696K, reserved 1048576K
}
Event: 888.980 GC heap before
{Heap before GC invocations=94 (full 0):
 garbage-first heap   total 445440K, used 307843K [0x0000000080000000, 0x0000000100000000)
  region size 1024K, 38 young (38912K), 3 survivors (3072K)
 Metaspace       used 156397K, committed 159104K, reserved 1245184K
  class space    used 20475K, committed 21824K, reserved 1048576K
}
Event: 889.043 GC heap after
{Heap after GC invocations=95 (full 0):
 garbage-first heap   total 445440K, used 279985K [0x0000000080000000, 0x0000000100000000)
  region size 1024K, 5 young (5120K), 5 survivors (5120K)
 Metaspace       used 156397K, committed 159104K, reserved 1245184K
  class space    used 20475K, committed 21824K, reserved 1048576K
}
Event: 889.095 GC heap before
{Heap before GC invocations=95 (full 0):
 garbage-first heap   total 445440K, used 295345K [0x0000000080000000, 0x0000000100000000)
  region size 1024K, 21 young (21504K), 5 survivors (5120K)
 Metaspace       used 156401K, committed 159104K, reserved 1245184K
  class space    used 20475K, committed 21824K, reserved 1048576K
}
Event: 889.166 GC heap after
{Heap after GC invocations=96 (full 0):
 garbage-first heap   total 445440K, used 280308K [0x0000000080000000, 0x0000000100000000)
  region size 1024K, 1 young (1024K), 1 survivors (1024K)
 Metaspace       used 156401K, committed 159104K, reserved 1245184K
  class space    used 20475K, committed 21824K, reserved 1048576K
}
Event: 892.518 GC heap before
{Heap before GC invocations=96 (full 0):
 garbage-first heap   total 445440K, used 405236K [0x0000000080000000, 0x0000000100000000)
  region size 1024K, 124 young (126976K), 1 survivors (1024K)
 Metaspace       used 156426K, committed 159168K, reserved 1245184K
  class space    used 20475K, committed 21824K, reserved 1048576K
}

