# JRE version: OpenJDK Runtime Environment (21.0.4) (build 21.0.4+-12508038-b607.1)
# Java VM: OpenJDK 64-Bit Server VM (21.0.4+-12508038-b607.1, mixed mode, tiered, compressed oops, compressed class ptrs, parallel gc, windows-amd64)
GC Precious Log:
 CardTable entry size: 512
 CPUs: 4 total, 4 available
 Memory: 3918M
 Large Page Support: Disabled
 NUMA Support: Disabled
 Compressed Oops: Enabled (32-bit)
 Alignments: Space 512K, Generation 512K, Heap 2M
 Heap Min Capacity: 8M
 Heap Initial Capacity: 62M
 Heap Max Capacity: 2G
 Pre-touch: Disabled
 Parallel Workers: 4
Heap:
 PSYoungGen      total 664064K, used 454300K [0x00000000d5580000, 0x00000000ffd80000, 0x0000000100000000)
  eden space 632832K, 71% used [0x00000000d5580000,0x00000000f0dd8e70,0x00000000fbf80000)
  from space 31232K, 10% used [0x00000000fdf00000,0x00000000fe24e208,0x00000000ffd80000)
  to   space 31744K, 0% used [0x00000000fbf80000,0x00000000fbf80000,0x00000000fde80000)
 ParOldGen       total 401920K, used 401489K [0x0000000080000000, 0x0000000098880000, 0x00000000d5580000)
  object space 401920K, 99% used [0x0000000080000000,0x0000000098814508,0x0000000098880000)
 Metaspace       used 168785K, committed 171392K, reserved 1245184K
  class space    used 22085K, committed 23360K, reserved 1048576K
GC Heap History (20 events):
Event: 1022.854 GC heap before
{Heap before GC invocations=112 (full 7):
 PSYoungGen      total 662016K, used 648722K [0x00000000d5580000, 0x0000000100000000, 0x0000000100000000)
  eden space 627200K, 100% used [0x00000000d5580000,0x00000000fba00000,0x00000000fba00000)
  from space 34816K, 61% used [0x00000000fde00000,0x00000000ff304800,0x0000000100000000)
  to   space 35840K, 0% used [0x00000000fba00000,0x00000000fba00000,0x00000000fdd00000)
 ParOldGen       total 356864K, used 324775K [0x0000000080000000, 0x0000000095c80000, 0x00000000d5580000)
  object space 356864K, 91% used [0x0000000080000000,0x0000000093d29e38,0x0000000095c80000)
 Metaspace       used 168441K, committed 171008K, reserved 1245184K
  class space    used 22065K, committed 23296K, reserved 1048576K
}
Event: 1023.292 GC heap after
{Heap after GC invocations=112 (full 7):
 PSYoungGen      total 636416K, used 9064K [0x00000000d5580000, 0x00000000ffe00000, 0x0000000100000000)
  eden space 627200K, 0% used [0x00000000d5580000,0x00000000d5580000,0x00000000fba00000)
  from space 9216K, 98% used [0x00000000fba00000,0x00000000fc2da178,0x00000000fc300000)
  to   space 34304K, 0% used [0x00000000fdc80000,0x00000000fdc80000,0x00000000ffe00000)
 ParOldGen       total 356864K, used 336931K [0x0000000080000000, 0x0000000095c80000, 0x00000000d5580000)
  object space 356864K, 94% used [0x0000000080000000,0x0000000094908f30,0x0000000095c80000)
 Metaspace       used 168441K, committed 171008K, reserved 1245184K
  class space    used 22065K, committed 23296K, reserved 1048576K
}
Event: 1027.901 GC heap before
{Heap before GC invocations=113 (full 7):
 PSYoungGen      total 636416K, used 636264K [0x00000000d5580000, 0x00000000ffe00000, 0x0000000100000000)
  eden space 627200K, 100% used [0x00000000d5580000,0x00000000fba00000,0x00000000fba00000)
  from space 9216K, 98% used [0x00000000fba00000,0x00000000fc2da178,0x00000000fc300000)
  to   space 34304K, 0% used [0x00000000fdc80000,0x00000000fdc80000,0x00000000ffe00000)
 ParOldGen       total 356864K, used 336931K [0x0000000080000000, 0x0000000095c80000, 0x00000000d5580000)
  object space 356864K, 94% used [0x0000000080000000,0x0000000094908f30,0x0000000095c80000)
 Metaspace       used 168568K, committed 171200K, reserved 1245184K
  class space    used 22079K, committed 23360K, reserved 1048576K
}
Event: 1027.981 GC heap after
{Heap after GC invocations=113 (full 7):
 PSYoungGen      total 664576K, used 12199K [0x00000000d5580000, 0x0000000100000000, 0x0000000100000000)
  eden space 630272K, 0% used [0x00000000d5580000,0x00000000d5580000,0x00000000fbd00000)
  from space 34304K, 35% used [0x00000000fdc80000,0x00000000fe869c08,0x00000000ffe00000)
  to   space 32256K, 0% used [0x00000000fbd00000,0x00000000fbd00000,0x00000000fdc80000)
 ParOldGen       total 356864K, used 339901K [0x0000000080000000, 0x0000000095c80000, 0x00000000d5580000)
  object space 356864K, 95% used [0x0000000080000000,0x0000000094bef498,0x0000000095c80000)
 Metaspace       used 168568K, committed 171200K, reserved 1245184K
  class space    used 22079K, committed 23360K, reserved 1048576K
}
Event: 1034.800 GC heap before
{Heap before GC invocations=114 (full 7):
 PSYoungGen      total 664576K, used 642471K [0x00000000d5580000, 0x0000000100000000, 0x0000000100000000)
  eden space 630272K, 100% used [0x00000000d5580000,0x00000000fbd00000,0x00000000fbd00000)
  from space 34304K, 35% used [0x00000000fdc80000,0x00000000fe869c08,0x00000000ffe00000)
  to   space 32256K, 0% used [0x00000000fbd00000,0x00000000fbd00000,0x00000000fdc80000)
 ParOldGen       total 356864K, used 339901K [0x0000000080000000, 0x0000000095c80000, 0x00000000d5580000)
  object space 356864K, 95% used [0x0000000080000000,0x0000000094bef498,0x0000000095c80000)
 Metaspace       used 168621K, committed 171264K, reserved 1245184K
  class space    used 22080K, committed 23360K, reserved 1048576K
}
Event: 1034.897 GC heap after
{Heap after GC invocations=114 (full 7):
 PSYoungGen      total 662528K, used 7954K [0x00000000d5580000, 0x00000000ffc00000, 0x0000000100000000)
  eden space 630272K, 0% used [0x00000000d5580000,0x00000000d5580000,0x00000000fbd00000)
  from space 32256K, 24% used [0x00000000fbd00000,0x00000000fc4c49d8,0x00000000fdc80000)
  to   space 31232K, 0% used [0x00000000fdd80000,0x00000000fdd80000,0x00000000ffc00000)
 ParOldGen       total 356864K, used 342193K [0x0000000080000000, 0x0000000095c80000, 0x00000000d5580000)
  object space 356864K, 95% used [0x0000000080000000,0x0000000094e2c490,0x0000000095c80000)
 Metaspace       used 168621K, committed 171264K, reserved 1245184K
  class space    used 22080K, committed 23360K, reserved 1048576K
}
Event: 1039.460 GC heap before
{Heap before GC invocations=115 (full 7):
 PSYoungGen      total 662528K, used 638226K [0x00000000d5580000, 0x00000000ffc00000, 0x0000000100000000)
  eden space 630272K, 100% used [0x00000000d5580000,0x00000000fbd00000,0x00000000fbd00000)
  from space 32256K, 24% used [0x00000000fbd00000,0x00000000fc4c49d8,0x00000000fdc80000)
  to   space 31232K, 0% used [0x00000000fdd80000,0x00000000fdd80000,0x00000000ffc00000)
 ParOldGen       total 356864K, used 342193K [0x0000000080000000, 0x0000000095c80000, 0x00000000d5580000)
  object space 356864K, 95% used [0x0000000080000000,0x0000000094e2c490,0x0000000095c80000)
 Metaspace       used 168639K, committed 171264K, reserved 1245184K
  class space    used 22083K, committed 23360K, reserved 1048576K
}
Event: 1039.569 GC heap after
{Heap after GC invocations=115 (full 7):
 PSYoungGen      total 659968K, used 26718K [0x00000000d5580000, 0x0000000100000000, 0x0000000100000000)
  eden space 628736K, 0% used [0x00000000d5580000,0x00000000d5580000,0x00000000fbb80000)
  from space 31232K, 85% used [0x00000000fdd80000,0x00000000ff797b58,0x00000000ffc00000)
  to   space 34816K, 0% used [0x00000000fbb80000,0x00000000fbb80000,0x00000000fdd80000)
 ParOldGen       total 356864K, used 343670K [0x0000000080000000, 0x0000000095c80000, 0x00000000d5580000)
  object space 356864K, 96% used [0x0000000080000000,0x0000000094f9dbb8,0x0000000095c80000)
 Metaspace       used 168639K, committed 171264K, reserved 1245184K
  class space    used 22083K, committed 23360K, reserved 1048576K
}
Event: 1043.388 GC heap before
{Heap before GC invocations=116 (full 7):
 PSYoungGen      total 659968K, used 655454K [0x00000000d5580000, 0x0000000100000000, 0x0000000100000000)
  eden space 628736K, 100% used [0x00000000d5580000,0x00000000fbb80000,0x00000000fbb80000)
  from space 31232K, 85% used [0x00000000fdd80000,0x00000000ff797b58,0x00000000ffc00000)
  to   space 34816K, 0% used [0x00000000fbb80000,0x00000000fbb80000,0x00000000fdd80000)
 ParOldGen       total 356864K, used 343670K [0x0000000080000000, 0x0000000095c80000, 0x00000000d5580000)
  object space 356864K, 96% used [0x0000000080000000,0x0000000094f9dbb8,0x0000000095c80000)
 Metaspace       used 168653K, committed 171264K, reserved 1245184K
  class space    used 22083K, committed 23360K, reserved 1048576K
}
Event: 1043.682 GC heap after
{Heap after GC invocations=116 (full 7):
 PSYoungGen      total 663552K, used 6364K [0x00000000d5580000, 0x0000000100000000, 0x0000000100000000)
  eden space 628736K, 0% used [0x00000000d5580000,0x00000000d5580000,0x00000000fbb80000)
  from space 34816K, 18% used [0x00000000fbb80000,0x00000000fc1b7038,0x00000000fdd80000)
  to   space 33792K, 0% used [0x00000000fdf00000,0x00000000fdf00000,0x0000000100000000)
 ParOldGen       total 367616K, used 367375K [0x0000000080000000, 0x0000000096700000, 0x00000000d5580000)
  object space 367616K, 99% used [0x0000000080000000,0x00000000966c3f50,0x0000000096700000)
 Metaspace       used 168653K, committed 171264K, reserved 1245184K
  class space    used 22083K, committed 23360K, reserved 1048576K
}
Event: 1053.148 GC heap before
{Heap before GC invocations=117 (full 7):
 PSYoungGen      total 663552K, used 635100K [0x00000000d5580000, 0x0000000100000000, 0x0000000100000000)
  eden space 628736K, 100% used [0x00000000d5580000,0x00000000fbb80000,0x00000000fbb80000)
  from space 34816K, 18% used [0x00000000fbb80000,0x00000000fc1b7038,0x00000000fdd80000)
  to   space 33792K, 0% used [0x00000000fdf00000,0x00000000fdf00000,0x0000000100000000)
 ParOldGen       total 367616K, used 367375K [0x0000000080000000, 0x0000000096700000, 0x00000000d5580000)
  object space 367616K, 99% used [0x0000000080000000,0x00000000966c3f50,0x0000000096700000)
 Metaspace       used 168683K, committed 171264K, reserved 1245184K
  class space    used 22083K, committed 23360K, reserved 1048576K
}
Event: 1054.439 GC heap after
{Heap after GC invocations=117 (full 7):
 PSYoungGen      total 662016K, used 4053K [0x00000000d5580000, 0x00000000ffe00000, 0x0000000100000000)
  eden space 630272K, 0% used [0x00000000d5580000,0x00000000d5580000,0x00000000fbd00000)
  from space 31744K, 12% used [0x00000000fdf00000,0x00000000fe2f56b8,0x00000000ffe00000)
  to   space 33280K, 0% used [0x00000000fbd00000,0x00000000fbd00000,0x00000000fdd80000)
 ParOldGen       total 372224K, used 371927K [0x0000000080000000, 0x0000000096b80000, 0x00000000d5580000)
  object space 372224K, 99% used [0x0000000080000000,0x0000000096b35f78,0x0000000096b80000)
 Metaspace       used 168683K, committed 171264K, reserved 1245184K
  class space    used 22083K, committed 23360K, reserved 1048576K
}
Event: 1062.564 GC heap before
{Heap before GC invocations=118 (full 7):
 PSYoungGen      total 662016K, used 634325K [0x00000000d5580000, 0x00000000ffe00000, 0x0000000100000000)
  eden space 630272K, 100% used [0x00000000d5580000,0x00000000fbd00000,0x00000000fbd00000)
  from space 31744K, 12% used [0x00000000fdf00000,0x00000000fe2f56b8,0x00000000ffe00000)
  to   space 33280K, 0% used [0x00000000fbd00000,0x00000000fbd00000,0x00000000fdd80000)
 ParOldGen       total 372224K, used 371927K [0x0000000080000000, 0x0000000096b80000, 0x00000000d5580000)
  object space 372224K, 99% used [0x0000000080000000,0x0000000096b35f78,0x0000000096b80000)
 Metaspace       used 168732K, committed 171328K, reserved 1245184K
  class space    used 22084K, committed 23360K, reserved 1048576K
}
Event: 1062.648 GC heap after
{Heap after GC invocations=118 (full 7):
 PSYoungGen      total 663552K, used 7642K [0x00000000d5580000, 0x00000000fff80000, 0x0000000100000000)
  eden space 630272K, 0% used [0x00000000d5580000,0x00000000d5580000,0x00000000fbd00000)
  from space 33280K, 22% used [0x00000000fbd00000,0x00000000fc476a40,0x00000000fdd80000)
  to   space 32256K, 0% used [0x00000000fe000000,0x00000000fe000000,0x00000000fff80000)
 ParOldGen       total 376320K, used 375876K [0x0000000080000000, 0x0000000096f80000, 0x00000000d5580000)
  object space 376320K, 99% used [0x0000000080000000,0x0000000096f11118,0x0000000096f80000)
 Metaspace       used 168732K, committed 171328K, reserved 1245184K
  class space    used 22084K, committed 23360K, reserved 1048576K
}
Event: 1076.184 GC heap before
{Heap before GC invocations=119 (full 7):
 PSYoungGen      total 663552K, used 637914K [0x00000000d5580000, 0x00000000fff80000, 0x0000000100000000)
  eden space 630272K, 100% used [0x00000000d5580000,0x00000000fbd00000,0x00000000fbd00000)
  from space 33280K, 22% used [0x00000000fbd00000,0x00000000fc476a40,0x00000000fdd80000)
  to   space 32256K, 0% used [0x00000000fe000000,0x00000000fe000000,0x00000000fff80000)
 ParOldGen       total 376320K, used 375876K [0x0000000080000000, 0x0000000096f80000, 0x00000000d5580000)
  object space 376320K, 99% used [0x0000000080000000,0x0000000096f11118,0x0000000096f80000)
 Metaspace       used 168754K, committed 171328K, reserved 1245184K
  class space    used 22084K, committed 23360K, reserved 1048576K
}
Event: 1078.195 GC heap after
{Heap after GC invocations=119 (full 7):
 PSYoungGen      total 663552K, used 21871K [0x00000000d5580000, 0x0000000100000000, 0x0000000100000000)
  eden space 631296K, 0% used [0x00000000d5580000,0x00000000d5580000,0x00000000fbe00000)
  from space 32256K, 67% used [0x00000000fe000000,0x00000000ff55bc48,0x00000000fff80000)
  to   space 33792K, 0% used [0x00000000fbe00000,0x00000000fbe00000,0x00000000fdf00000)
 ParOldGen       total 379392K, used 378901K [0x0000000080000000, 0x0000000097280000, 0x00000000d5580000)
  object space 379392K, 99% used [0x0000000080000000,0x0000000097205770,0x0000000097280000)
 Metaspace       used 168754K, committed 171328K, reserved 1245184K
  class space    used 22084K, committed 23360K, reserved 1048576K
}
Event: 1098.473 GC heap before
{Heap before GC invocations=120 (full 7):
 PSYoungGen      total 663552K, used 653167K [0x00000000d5580000, 0x0000000100000000, 0x0000000100000000)
  eden space 631296K, 100% used [0x00000000d5580000,0x00000000fbe00000,0x00000000fbe00000)
  from space 32256K, 67% used [0x00000000fe000000,0x00000000ff55bc48,0x00000000fff80000)
  to   space 33792K, 0% used [0x00000000fbe00000,0x00000000fbe00000,0x00000000fdf00000)
 ParOldGen       total 379392K, used 378901K [0x0000000080000000, 0x0000000097280000, 0x00000000d5580000)
  object space 379392K, 99% used [0x0000000080000000,0x0000000097205770,0x0000000097280000)
 Metaspace       used 168768K, committed 171392K, reserved 1245184K
  class space    used 22085K, committed 23360K, reserved 1048576K
}
Event: 1102.064 GC heap after
{Heap after GC invocations=120 (full 7):
 PSYoungGen      total 665088K, used 9806K [0x00000000d5580000, 0x00000000ffe80000, 0x0000000100000000)
  eden space 631296K, 0% used [0x00000000d5580000,0x00000000d5580000,0x00000000fbe00000)
  from space 33792K, 29% used [0x00000000fbe00000,0x00000000fc793870,0x00000000fdf00000)
  to   space 32256K, 0% used [0x00000000fdf00000,0x00000000fdf00000,0x00000000ffe80000)
 ParOldGen       total 392704K, used 392349K [0x0000000080000000, 0x0000000097f80000, 0x00000000d5580000)
  object space 392704K, 99% used [0x0000000080000000,0x0000000097f27708,0x0000000097f80000)
 Metaspace       used 168768K, committed 171392K, reserved 1245184K
  class space    used 22085K, committed 23360K, reserved 1048576K
}
Event: 1110.061 GC heap before
{Heap before GC invocations=121 (full 7):
 PSYoungGen      total 665088K, used 641102K [0x00000000d5580000, 0x00000000ffe80000, 0x0000000100000000)
  eden space 631296K, 100% used [0x00000000d5580000,0x00000000fbe00000,0x00000000fbe00000)
  from space 33792K, 29% used [0x00000000fbe00000,0x00000000fc793870,0x00000000fdf00000)
  to   space 32256K, 0% used [0x00000000fdf00000,0x00000000fdf00000,0x00000000ffe80000)
 ParOldGen       total 392704K, used 392349K [0x0000000080000000, 0x0000000097f80000, 0x00000000d5580000)
  object space 392704K, 99% used [0x0000000080000000,0x0000000097f27708,0x0000000097f80000)
 Metaspace       used 168771K, committed 171392K, reserved 1245184K
  class space    used 22085K, committed 23360K, reserved 1048576K
}
Event: 1110.135 GC heap after
{Heap after GC invocations=121 (full 7):
 PSYoungGen      total 664064K, used 3384K [0x00000000d5580000, 0x00000000ffd80000, 0x0000000100000000)
  eden space 632832K, 0% used [0x00000000d5580000,0x00000000d5580000,0x00000000fbf80000)
  from space 31232K, 10% used [0x00000000fdf00000,0x00000000fe24e208,0x00000000ffd80000)
  to   space 31744K, 0% used [0x00000000fbf80000,0x00000000fbf80000,0x00000000fde80000)
 ParOldGen       total 401920K, used 401489K [0x0000000080000000, 0x0000000098880000, 0x00000000d5580000)
  object space 401920K, 99% used [0x0000000080000000,0x0000000098814508,0x0000000098880000)
 Metaspace       used 168771K, committed 171392K, reserved 1245184K
  class space    used 22085K, committed 23360K, reserved 1048576K
}

